TimeQuest Timing Analyzer report for ULA
Tue Mar 06 22:52:41 2018
Quartus II 32-bit Version 13.0.1 Build 232 06/12/2013 Service Pack 1 SJ Web Edition


---------------------
; Table of Contents ;
---------------------
  1. Legal Notice
  2. TimeQuest Timing Analyzer Summary
  3. Parallel Compilation
  4. Clocks
  5. Slow Model Fmax Summary
  6. Slow Model Setup Summary
  7. Slow Model Hold Summary
  8. Slow Model Recovery Summary
  9. Slow Model Removal Summary
 10. Slow Model Minimum Pulse Width Summary
 11. Propagation Delay
 12. Minimum Propagation Delay
 13. Fast Model Setup Summary
 14. Fast Model Hold Summary
 15. Fast Model Recovery Summary
 16. Fast Model Removal Summary
 17. Fast Model Minimum Pulse Width Summary
 18. Propagation Delay
 19. Minimum Propagation Delay
 20. Multicorner Timing Analysis Summary
 21. Progagation Delay
 22. Minimum Progagation Delay
 23. Clock Transfers
 24. Report TCCS
 25. Report RSKM
 26. Unconstrained Paths
 27. TimeQuest Timing Analyzer Messages



----------------
; Legal Notice ;
----------------
Copyright (C) 1991-2013 Altera Corporation
Your use of Altera Corporation's design tools, logic functions 
and other software and tools, and its AMPP partner logic 
functions, and any output files from any of the foregoing 
(including device programming or simulation files), and any 
associated documentation or information are expressly subject 
to the terms and conditions of the Altera Program License 
Subscription Agreement, Altera MegaCore Function License 
Agreement, or other applicable license agreement, including, 
without limitation, that your use is for the sole purpose of 
programming logic devices manufactured by Altera and sold by 
Altera or its authorized distributors.  Please refer to the 
applicable agreement for further details.



+----------------------------------------------------------------------------------------+
; TimeQuest Timing Analyzer Summary                                                      ;
+--------------------+-------------------------------------------------------------------+
; Quartus II Version ; Version 13.0.1 Build 232 06/12/2013 Service Pack 1 SJ Web Edition ;
; Revision Name      ; ULA                                                               ;
; Device Family      ; Cyclone II                                                        ;
; Device Name        ; EP2C35F672C6                                                      ;
; Timing Models      ; Final                                                             ;
; Delay Model        ; Combined                                                          ;
; Rise/Fall Delays   ; Unavailable                                                       ;
+--------------------+-------------------------------------------------------------------+


Parallel compilation was disabled, but you have multiple processors available. Enable parallel compilation to reduce compilation time.
+-------------------------------------+
; Parallel Compilation                ;
+----------------------------+--------+
; Processors                 ; Number ;
+----------------------------+--------+
; Number detected on machine ; 2      ;
; Maximum allowed            ; 1      ;
+----------------------------+--------+


----------
; Clocks ;
----------
No clocks to report.


---------------------------
; Slow Model Fmax Summary ;
---------------------------
No paths to report.


----------------------------
; Slow Model Setup Summary ;
----------------------------
No paths to report.


---------------------------
; Slow Model Hold Summary ;
---------------------------
No paths to report.


-------------------------------
; Slow Model Recovery Summary ;
-------------------------------
No paths to report.


------------------------------
; Slow Model Removal Summary ;
------------------------------
No paths to report.


------------------------------------------
; Slow Model Minimum Pulse Width Summary ;
------------------------------------------
No paths to report.


+---------------------------------------------------------------+
; Propagation Delay                                             ;
+------------+--------------+--------+--------+--------+--------+
; Input Port ; Output Port  ; RR     ; RF     ; FR     ; FF     ;
+------------+--------------+--------+--------+--------+--------+
; A[0]       ; VLED         ; 16.108 ; 16.108 ; 16.108 ; 16.108 ;
; A[0]       ; Z            ; 17.553 ; 17.553 ; 17.553 ; 17.553 ;
; A[0]       ; display7[0]  ; 14.478 ; 14.478 ; 14.478 ; 14.478 ;
; A[0]       ; display7[1]  ; 14.481 ; 14.481 ; 14.481 ; 14.481 ;
; A[0]       ; display7[2]  ; 13.840 ; 13.840 ; 13.840 ; 13.840 ;
; A[0]       ; display7[3]  ; 13.820 ; 13.820 ; 13.820 ; 13.820 ;
; A[0]       ; display7[4]  ; 14.746 ; 14.746 ; 14.746 ; 14.746 ;
; A[0]       ; display7[5]  ; 14.711 ; 14.711 ; 14.711 ; 14.711 ;
; A[0]       ; display7[6]  ; 14.748 ; 14.748 ; 14.748 ; 14.748 ;
; A[0]       ; display72[0] ; 14.987 ; 14.987 ; 14.987 ; 14.987 ;
; A[1]       ; VLED         ; 15.446 ; 15.446 ; 15.446 ; 15.446 ;
; A[1]       ; Z            ; 17.291 ; 17.291 ; 17.291 ; 17.291 ;
; A[1]       ; display7[0]  ; 13.816 ; 13.816 ; 13.816 ; 13.816 ;
; A[1]       ; display7[1]  ; 13.819 ; 13.819 ; 13.819 ; 13.819 ;
; A[1]       ; display7[2]  ; 13.709 ; 13.709 ; 13.709 ; 13.709 ;
; A[1]       ; display7[3]  ; 13.687 ; 13.687 ; 13.687 ; 13.687 ;
; A[1]       ; display7[4]  ; 14.084 ; 14.084 ; 14.084 ; 14.084 ;
; A[1]       ; display7[5]  ; 14.049 ; 14.049 ; 14.049 ; 14.049 ;
; A[1]       ; display7[6]  ; 14.086 ; 14.086 ; 14.086 ; 14.086 ;
; A[1]       ; display72[0] ; 14.325 ; 14.325 ; 14.325 ; 14.325 ;
; A[2]       ; VLED         ; 14.533 ; 14.533 ; 14.533 ; 14.533 ;
; A[2]       ; Z            ; 16.736 ; 16.736 ; 16.736 ; 16.736 ;
; A[2]       ; display7[0]  ; 13.545 ; 13.545 ; 13.545 ; 13.545 ;
; A[2]       ; display7[1]  ; 13.585 ; 13.585 ; 13.585 ; 13.585 ;
; A[2]       ; display7[2]  ; 13.459 ; 13.459 ; 13.459 ; 13.459 ;
; A[2]       ; display7[3]  ; 13.439 ; 13.439 ; 13.439 ; 13.439 ;
; A[2]       ; display7[4]  ; 13.850 ; 13.850 ; 13.850 ; 13.850 ;
; A[2]       ; display7[5]  ; 13.817 ; 13.817 ; 13.817 ; 13.817 ;
; A[2]       ; display7[6]  ; 13.847 ; 13.847 ; 13.847 ; 13.847 ;
; A[2]       ; display72[0] ; 14.054 ; 14.054 ; 14.054 ; 14.054 ;
; A[3]       ; VLED         ; 14.072 ; 14.072 ; 14.072 ; 14.072 ;
; A[3]       ; Z            ; 16.590 ; 16.590 ; 16.590 ; 16.590 ;
; A[3]       ; display7[0]  ; 13.515 ; 13.515 ; 13.515 ; 13.515 ;
; A[3]       ; display7[1]  ; 13.518 ; 13.518 ; 13.518 ; 13.518 ;
; A[3]       ; display7[4]  ; 13.783 ; 13.783 ; 13.783 ; 13.783 ;
; A[3]       ; display7[5]  ; 13.748 ; 13.748 ; 13.748 ; 13.748 ;
; A[3]       ; display7[6]  ; 13.785 ; 13.785 ; 13.785 ; 13.785 ;
; A[3]       ; display72[0] ; 14.024 ; 14.024 ; 14.024 ; 14.024 ;
; B[0]       ; VLED         ; 11.300 ; 11.300 ; 11.300 ; 11.300 ;
; B[0]       ; Z            ; 12.745 ; 12.745 ; 12.745 ; 12.745 ;
; B[0]       ; display7[0]  ; 9.670  ; 9.670  ; 9.670  ; 9.670  ;
; B[0]       ; display7[1]  ; 9.673  ; 9.673  ; 9.673  ; 9.673  ;
; B[0]       ; display7[2]  ; 9.032  ; 9.032  ; 9.032  ; 9.032  ;
; B[0]       ; display7[3]  ; 9.012  ; 9.012  ; 9.012  ; 9.012  ;
; B[0]       ; display7[4]  ; 9.938  ; 9.938  ; 9.938  ; 9.938  ;
; B[0]       ; display7[5]  ; 9.903  ; 9.903  ; 9.903  ; 9.903  ;
; B[0]       ; display7[6]  ; 9.940  ; 9.940  ; 9.940  ; 9.940  ;
; B[0]       ; display72[0] ; 10.179 ; 10.179 ; 10.179 ; 10.179 ;
; B[1]       ; VLED         ; 11.246 ; 11.246 ; 11.246 ; 11.246 ;
; B[1]       ; Z            ; 12.691 ; 12.691 ; 12.691 ; 12.691 ;
; B[1]       ; display7[0]  ; 9.616  ; 9.616  ; 9.616  ; 9.616  ;
; B[1]       ; display7[1]  ; 9.619  ; 9.619  ; 9.619  ; 9.619  ;
; B[1]       ; display7[2]  ; 8.978  ; 8.978  ; 8.978  ; 8.978  ;
; B[1]       ; display7[3]  ; 8.958  ; 8.958  ; 8.958  ; 8.958  ;
; B[1]       ; display7[4]  ; 9.884  ; 9.884  ; 9.884  ; 9.884  ;
; B[1]       ; display7[5]  ; 9.849  ; 9.849  ; 9.849  ; 9.849  ;
; B[1]       ; display7[6]  ; 9.886  ; 9.886  ; 9.886  ; 9.886  ;
; B[1]       ; display72[0] ; 10.125 ; 10.125 ; 10.125 ; 10.125 ;
; B[2]       ; VLED         ; 9.749  ; 9.749  ; 9.749  ; 9.749  ;
; B[2]       ; Z            ; 12.654 ; 12.654 ; 12.654 ; 12.654 ;
; B[2]       ; display7[0]  ; 9.005  ; 9.005  ; 9.005  ; 9.005  ;
; B[2]       ; display7[1]  ; 9.050  ; 9.050  ; 9.050  ; 9.050  ;
; B[2]       ; display7[2]  ; 9.072  ; 9.072  ; 9.072  ; 9.072  ;
; B[2]       ; display7[3]  ; 9.050  ; 9.050  ; 9.050  ; 9.050  ;
; B[2]       ; display7[4]  ; 9.315  ; 9.315  ; 9.315  ; 9.315  ;
; B[2]       ; display7[5]  ; 9.280  ; 9.280  ; 9.280  ; 9.280  ;
; B[2]       ; display7[6]  ; 9.275  ; 9.275  ; 9.275  ; 9.275  ;
; B[2]       ; display72[0] ; 8.628  ; 8.628  ; 8.628  ; 8.628  ;
; B[3]       ; VLED         ; 10.344 ; 10.344 ; 10.344 ; 10.344 ;
; B[3]       ; Z            ; 12.661 ; 12.661 ; 12.661 ; 12.661 ;
; B[3]       ; display7[0]  ; 9.488  ; 9.488  ; 9.488  ; 9.488  ;
; B[3]       ; display7[1]  ; 9.510  ; 9.510  ; 9.510  ; 9.510  ;
; B[3]       ; display7[2]  ; 9.384  ; 9.384  ; 9.384  ; 9.384  ;
; B[3]       ; display7[3]  ; 9.364  ; 9.364  ; 9.364  ; 9.364  ;
; B[3]       ; display7[4]  ; 9.775  ; 9.775  ; 9.775  ; 9.775  ;
; B[3]       ; display7[5]  ; 9.742  ; 9.742  ; 9.742  ; 9.742  ;
; B[3]       ; display7[6]  ; 9.772  ; 9.772  ; 9.772  ; 9.772  ;
; B[3]       ; display72[0] ; 9.997  ; 9.997  ; 9.997  ; 9.997  ;
; F[0]       ; VLED         ; 8.923  ;        ;        ; 8.923  ;
; F[0]       ; Z            ; 13.468 ; 13.468 ; 13.468 ; 13.468 ;
; F[0]       ; display7[0]  ; 10.021 ; 10.021 ; 10.021 ; 10.021 ;
; F[0]       ; display7[1]  ; 10.063 ; 10.063 ; 10.063 ; 10.063 ;
; F[0]       ; display7[2]  ; 9.937  ; 9.937  ; 9.937  ; 9.937  ;
; F[0]       ; display7[3]  ; 9.917  ; 9.917  ; 9.917  ; 9.917  ;
; F[0]       ; display7[4]  ; 10.328 ; 10.328 ; 10.328 ; 10.328 ;
; F[0]       ; display7[5]  ; 10.295 ; 10.295 ; 10.295 ; 10.295 ;
; F[0]       ; display7[6]  ; 10.325 ; 10.325 ; 10.325 ; 10.325 ;
; F[0]       ; display72[0] ; 9.764  ; 9.764  ; 9.764  ; 9.764  ;
; F[1]       ; VLED         ; 9.644  ;        ;        ; 9.644  ;
; F[1]       ; Z            ; 13.041 ; 13.041 ; 13.041 ; 13.041 ;
; F[1]       ; display7[0]  ; 9.392  ; 9.392  ; 9.392  ; 9.392  ;
; F[1]       ; display7[1]  ; 9.437  ; 9.437  ; 9.437  ; 9.437  ;
; F[1]       ; display7[2]  ; 9.459  ; 9.459  ; 9.459  ; 9.459  ;
; F[1]       ; display7[3]  ; 9.437  ; 9.437  ; 9.437  ; 9.437  ;
; F[1]       ; display7[4]  ; 9.702  ; 9.702  ; 9.702  ; 9.702  ;
; F[1]       ; display7[5]  ; 9.667  ; 9.667  ; 9.667  ; 9.667  ;
; F[1]       ; display7[6]  ; 9.662  ; 9.662  ; 9.662  ; 9.662  ;
; F[1]       ; display72[0] ; 9.829  ; 9.829  ; 9.829  ; 9.829  ;
; F[2]       ; VLED         ; 9.517  ; 8.999  ; 8.999  ; 9.517  ;
; F[2]       ; Z            ; 13.229 ; 13.229 ; 13.229 ; 13.229 ;
; F[2]       ; display7[0]  ; 10.000 ; 10.000 ; 10.000 ; 10.000 ;
; F[2]       ; display7[1]  ; 10.042 ; 10.042 ; 10.042 ; 10.042 ;
; F[2]       ; display7[2]  ; 9.916  ; 9.916  ; 9.916  ; 9.916  ;
; F[2]       ; display7[3]  ; 9.896  ; 9.896  ; 9.896  ; 9.896  ;
; F[2]       ; display7[4]  ; 10.307 ; 10.307 ; 10.307 ; 10.307 ;
; F[2]       ; display7[5]  ; 10.274 ; 10.274 ; 10.274 ; 10.274 ;
; F[2]       ; display7[6]  ; 10.304 ; 10.304 ; 10.304 ; 10.304 ;
; F[2]       ; display72[0] ; 9.004  ; 8.999  ; 8.999  ; 9.004  ;
+------------+--------------+--------+--------+--------+--------+


+---------------------------------------------------------------+
; Minimum Propagation Delay                                     ;
+------------+--------------+--------+--------+--------+--------+
; Input Port ; Output Port  ; RR     ; RF     ; FR     ; FF     ;
+------------+--------------+--------+--------+--------+--------+
; A[0]       ; VLED         ; 13.638 ; 15.479 ; 15.479 ; 13.638 ;
; A[0]       ; Z            ; 14.376 ; 14.376 ; 14.376 ; 14.376 ;
; A[0]       ; display7[0]  ; 11.701 ; 11.701 ; 11.701 ; 11.701 ;
; A[0]       ; display7[1]  ; 11.746 ; 11.746 ; 11.746 ; 11.746 ;
; A[0]       ; display7[2]  ; 11.768 ; 11.768 ; 11.768 ; 11.768 ;
; A[0]       ; display7[3]  ; 11.746 ; 11.746 ; 11.746 ; 11.746 ;
; A[0]       ; display7[4]  ; 12.011 ; 12.011 ; 12.011 ; 12.011 ;
; A[0]       ; display7[5]  ; 11.976 ; 11.976 ; 11.976 ; 11.976 ;
; A[0]       ; display7[6]  ; 11.971 ; 11.971 ; 11.971 ; 11.971 ;
; A[0]       ; display72[0] ; 13.699 ; 13.699 ; 13.699 ; 13.699 ;
; A[1]       ; VLED         ; 13.560 ; 13.560 ; 13.560 ; 13.560 ;
; A[1]       ; Z            ; 14.125 ; 14.125 ; 14.125 ; 14.125 ;
; A[1]       ; display7[0]  ; 11.450 ; 11.450 ; 11.450 ; 11.450 ;
; A[1]       ; display7[1]  ; 11.495 ; 11.495 ; 11.495 ; 11.495 ;
; A[1]       ; display7[2]  ; 11.517 ; 11.517 ; 11.517 ; 11.517 ;
; A[1]       ; display7[3]  ; 11.495 ; 11.495 ; 11.495 ; 11.495 ;
; A[1]       ; display7[4]  ; 11.760 ; 11.760 ; 11.760 ; 11.760 ;
; A[1]       ; display7[5]  ; 11.725 ; 11.725 ; 11.725 ; 11.725 ;
; A[1]       ; display7[6]  ; 11.720 ; 11.720 ; 11.720 ; 11.720 ;
; A[1]       ; display72[0] ; 13.555 ; 13.555 ; 13.555 ; 13.555 ;
; A[2]       ; VLED         ; 13.834 ; 13.834 ; 13.834 ; 13.834 ;
; A[2]       ; Z            ; 15.049 ; 15.049 ; 15.049 ; 15.049 ;
; A[2]       ; display7[0]  ; 12.340 ; 12.340 ; 12.340 ; 12.340 ;
; A[2]       ; display7[1]  ; 12.382 ; 12.382 ; 12.382 ; 12.382 ;
; A[2]       ; display7[2]  ; 12.256 ; 12.256 ; 12.256 ; 12.256 ;
; A[2]       ; display7[3]  ; 12.236 ; 12.236 ; 12.236 ; 12.236 ;
; A[2]       ; display7[4]  ; 12.647 ; 12.647 ; 12.647 ; 12.647 ;
; A[2]       ; display7[5]  ; 12.614 ; 12.614 ; 12.614 ; 12.614 ;
; A[2]       ; display7[6]  ; 12.644 ; 12.644 ; 12.644 ; 12.644 ;
; A[2]       ; display72[0] ; 13.412 ; 13.412 ; 13.412 ; 13.412 ;
; A[3]       ; VLED         ; 13.348 ; 13.348 ; 13.348 ; 13.348 ;
; A[3]       ; Z            ; 14.669 ; 14.669 ; 14.669 ; 14.669 ;
; A[3]       ; display7[0]  ; 11.994 ; 11.994 ; 11.994 ; 11.994 ;
; A[3]       ; display7[1]  ; 11.997 ; 11.997 ; 11.997 ; 11.997 ;
; A[3]       ; display7[4]  ; 12.262 ; 12.262 ; 12.262 ; 12.262 ;
; A[3]       ; display7[5]  ; 12.227 ; 12.227 ; 12.227 ; 12.227 ;
; A[3]       ; display7[6]  ; 12.264 ; 12.264 ; 12.264 ; 12.264 ;
; A[3]       ; display72[0] ; 12.503 ; 12.503 ; 12.503 ; 12.503 ;
; B[0]       ; VLED         ; 10.358 ; 10.358 ; 10.358 ; 10.358 ;
; B[0]       ; Z            ; 9.684  ; 9.684  ; 9.684  ; 9.684  ;
; B[0]       ; display7[0]  ; 7.009  ; 7.009  ; 7.009  ; 7.009  ;
; B[0]       ; display7[1]  ; 7.009  ; 7.009  ; 7.009  ; 7.009  ;
; B[0]       ; display7[2]  ; 7.068  ; 7.068  ; 7.068  ; 7.068  ;
; B[0]       ; display7[3]  ; 7.032  ; 7.032  ; 7.032  ; 7.032  ;
; B[0]       ; display7[4]  ; 7.272  ; 7.272  ; 7.272  ; 7.272  ;
; B[0]       ; display7[5]  ; 7.236  ; 7.236  ; 7.236  ; 7.236  ;
; B[0]       ; display7[6]  ; 7.279  ; 7.279  ; 7.279  ; 7.279  ;
; B[0]       ; display72[0] ; 9.866  ; 9.866  ; 9.866  ; 9.866  ;
; B[1]       ; VLED         ; 10.617 ; 10.617 ; 10.617 ; 10.617 ;
; B[1]       ; Z            ; 10.407 ; 10.407 ; 10.407 ; 10.407 ;
; B[1]       ; display7[0]  ; 7.732  ; 7.732  ; 7.732  ; 7.732  ;
; B[1]       ; display7[1]  ; 7.732  ; 7.732  ; 7.732  ; 7.732  ;
; B[1]       ; display7[2]  ; 7.791  ; 7.791  ; 7.791  ; 7.791  ;
; B[1]       ; display7[3]  ; 7.755  ; 7.755  ; 7.755  ; 7.755  ;
; B[1]       ; display7[4]  ; 7.995  ; 7.995  ; 7.995  ; 7.995  ;
; B[1]       ; display7[5]  ; 7.959  ; 7.959  ; 7.959  ; 7.959  ;
; B[1]       ; display7[6]  ; 8.002  ; 8.002  ; 8.002  ; 8.002  ;
; B[1]       ; display72[0] ; 10.125 ; 10.125 ; 10.125 ; 10.125 ;
; B[2]       ; VLED         ; 9.120  ; 9.120  ; 9.120  ; 9.120  ;
; B[2]       ; Z            ; 10.277 ; 10.277 ; 10.277 ; 10.277 ;
; B[2]       ; display7[0]  ; 7.568  ; 7.568  ; 7.568  ; 7.568  ;
; B[2]       ; display7[1]  ; 7.610  ; 7.610  ; 7.610  ; 7.610  ;
; B[2]       ; display7[2]  ; 7.484  ; 7.484  ; 7.484  ; 7.484  ;
; B[2]       ; display7[3]  ; 7.464  ; 7.464  ; 7.464  ; 7.464  ;
; B[2]       ; display7[4]  ; 7.875  ; 7.875  ; 7.875  ; 7.875  ;
; B[2]       ; display7[5]  ; 7.842  ; 7.842  ; 7.842  ; 7.842  ;
; B[2]       ; display7[6]  ; 7.872  ; 7.872  ; 7.872  ; 7.872  ;
; B[2]       ; display72[0] ; 8.628  ; 8.628  ; 8.628  ; 8.628  ;
; B[3]       ; VLED         ; 10.344 ; 10.344 ; 10.344 ; 10.344 ;
; B[3]       ; Z            ; 10.786 ; 10.786 ; 10.786 ; 10.786 ;
; B[3]       ; display7[0]  ; 8.111  ; 8.111  ; 8.111  ; 8.111  ;
; B[3]       ; display7[1]  ; 8.114  ; 8.114  ; 8.114  ; 8.114  ;
; B[3]       ; display7[2]  ; 9.384  ; 9.384  ; 9.384  ; 9.384  ;
; B[3]       ; display7[3]  ; 9.364  ; 9.364  ; 9.364  ; 9.364  ;
; B[3]       ; display7[4]  ; 8.379  ; 8.379  ; 8.379  ; 8.379  ;
; B[3]       ; display7[5]  ; 8.344  ; 8.344  ; 8.344  ; 8.344  ;
; B[3]       ; display7[6]  ; 8.381  ; 8.381  ; 8.381  ; 8.381  ;
; B[3]       ; display72[0] ; 8.620  ; 8.620  ; 8.620  ; 8.620  ;
; F[0]       ; VLED         ; 8.923  ;        ;        ; 8.923  ;
; F[0]       ; Z            ; 10.682 ; 10.682 ; 10.682 ; 10.682 ;
; F[0]       ; display7[0]  ; 8.224  ; 8.007  ; 8.007  ; 8.224  ;
; F[0]       ; display7[1]  ; 8.224  ; 8.007  ; 8.007  ; 8.224  ;
; F[0]       ; display7[2]  ; 8.283  ; 8.066  ; 8.066  ; 8.283  ;
; F[0]       ; display7[3]  ; 8.030  ; 8.030  ; 8.030  ; 8.030  ;
; F[0]       ; display7[4]  ; 8.270  ; 8.487  ; 8.487  ; 8.270  ;
; F[0]       ; display7[5]  ; 8.234  ; 8.234  ; 8.234  ; 8.234  ;
; F[0]       ; display7[6]  ; 8.277  ; 8.277  ; 8.277  ; 8.277  ;
; F[0]       ; display72[0] ; 9.764  ; 9.764  ; 9.764  ; 9.764  ;
; F[1]       ; VLED         ; 9.644  ;        ;        ; 9.644  ;
; F[1]       ; Z            ; 10.327 ; 10.327 ; 10.327 ; 10.327 ;
; F[1]       ; display7[0]  ; 7.918  ; 7.652  ; 7.652  ; 7.918  ;
; F[1]       ; display7[1]  ; 7.921  ; 7.652  ; 7.652  ; 7.921  ;
; F[1]       ; display7[2]  ; 8.105  ; 7.711  ; 7.711  ; 8.105  ;
; F[1]       ; display7[3]  ; 7.675  ; 7.675  ; 7.675  ; 7.675  ;
; F[1]       ; display7[4]  ; 7.915  ; 8.186  ; 8.186  ; 7.915  ;
; F[1]       ; display7[5]  ; 7.879  ; 7.879  ; 7.879  ; 7.879  ;
; F[1]       ; display7[6]  ; 7.922  ; 7.922  ; 7.922  ; 7.922  ;
; F[1]       ; display72[0] ; 8.427  ; 8.953  ; 8.953  ; 8.427  ;
; F[2]       ; VLED         ; 9.517  ; 8.999  ; 8.999  ; 9.517  ;
; F[2]       ; Z            ; 10.359 ; 10.359 ; 10.359 ; 10.359 ;
; F[2]       ; display7[0]  ; 7.684  ; 8.223  ; 8.223  ; 7.684  ;
; F[2]       ; display7[1]  ; 7.684  ; 8.267  ; 8.267  ; 7.684  ;
; F[2]       ; display7[2]  ; 7.743  ; 8.290  ; 8.290  ; 7.743  ;
; F[2]       ; display7[3]  ; 7.707  ; 7.707  ; 7.707  ; 7.707  ;
; F[2]       ; display7[4]  ; 8.530  ; 7.947  ; 7.947  ; 8.530  ;
; F[2]       ; display7[5]  ; 7.911  ; 7.911  ; 7.911  ; 7.911  ;
; F[2]       ; display7[6]  ; 7.954  ; 7.954  ; 7.954  ; 7.954  ;
; F[2]       ; display72[0] ; 8.999  ; 8.999  ; 8.999  ; 8.999  ;
+------------+--------------+--------+--------+--------+--------+


----------------------------
; Fast Model Setup Summary ;
----------------------------
No paths to report.


---------------------------
; Fast Model Hold Summary ;
---------------------------
No paths to report.


-------------------------------
; Fast Model Recovery Summary ;
-------------------------------
No paths to report.


------------------------------
; Fast Model Removal Summary ;
------------------------------
No paths to report.


------------------------------------------
; Fast Model Minimum Pulse Width Summary ;
------------------------------------------
No paths to report.


+-----------------------------------------------------------+
; Propagation Delay                                         ;
+------------+--------------+-------+-------+-------+-------+
; Input Port ; Output Port  ; RR    ; RF    ; FR    ; FF    ;
+------------+--------------+-------+-------+-------+-------+
; A[0]       ; VLED         ; 8.332 ; 8.332 ; 8.332 ; 8.332 ;
; A[0]       ; Z            ; 8.972 ; 8.972 ; 8.972 ; 8.972 ;
; A[0]       ; display7[0]  ; 7.585 ; 7.585 ; 7.585 ; 7.585 ;
; A[0]       ; display7[1]  ; 7.582 ; 7.582 ; 7.582 ; 7.582 ;
; A[0]       ; display7[2]  ; 7.311 ; 7.311 ; 7.311 ; 7.311 ;
; A[0]       ; display7[3]  ; 7.303 ; 7.303 ; 7.303 ; 7.303 ;
; A[0]       ; display7[4]  ; 7.706 ; 7.706 ; 7.706 ; 7.706 ;
; A[0]       ; display7[5]  ; 7.678 ; 7.678 ; 7.678 ; 7.678 ;
; A[0]       ; display7[6]  ; 7.713 ; 7.713 ; 7.713 ; 7.713 ;
; A[0]       ; display72[0] ; 7.805 ; 7.805 ; 7.805 ; 7.805 ;
; A[1]       ; VLED         ; 8.056 ; 8.056 ; 8.056 ; 8.056 ;
; A[1]       ; Z            ; 8.900 ; 8.900 ; 8.900 ; 8.900 ;
; A[1]       ; display7[0]  ; 7.309 ; 7.309 ; 7.309 ; 7.309 ;
; A[1]       ; display7[1]  ; 7.306 ; 7.306 ; 7.306 ; 7.306 ;
; A[1]       ; display7[2]  ; 7.295 ; 7.295 ; 7.295 ; 7.295 ;
; A[1]       ; display7[3]  ; 7.288 ; 7.288 ; 7.288 ; 7.288 ;
; A[1]       ; display7[4]  ; 7.430 ; 7.430 ; 7.430 ; 7.430 ;
; A[1]       ; display7[5]  ; 7.402 ; 7.402 ; 7.402 ; 7.402 ;
; A[1]       ; display7[6]  ; 7.437 ; 7.437 ; 7.437 ; 7.437 ;
; A[1]       ; display72[0] ; 7.529 ; 7.529 ; 7.529 ; 7.529 ;
; A[2]       ; VLED         ; 7.651 ; 7.651 ; 7.651 ; 7.651 ;
; A[2]       ; Z            ; 8.588 ; 8.588 ; 8.588 ; 8.588 ;
; A[2]       ; display7[0]  ; 7.190 ; 7.190 ; 7.190 ; 7.190 ;
; A[2]       ; display7[1]  ; 7.192 ; 7.192 ; 7.192 ; 7.192 ;
; A[2]       ; display7[2]  ; 7.135 ; 7.135 ; 7.135 ; 7.135 ;
; A[2]       ; display7[3]  ; 7.127 ; 7.127 ; 7.127 ; 7.127 ;
; A[2]       ; display7[4]  ; 7.322 ; 7.322 ; 7.322 ; 7.322 ;
; A[2]       ; display7[5]  ; 7.290 ; 7.290 ; 7.290 ; 7.290 ;
; A[2]       ; display7[6]  ; 7.318 ; 7.318 ; 7.318 ; 7.318 ;
; A[2]       ; display72[0] ; 7.410 ; 7.410 ; 7.410 ; 7.410 ;
; A[3]       ; VLED         ; 7.464 ; 7.464 ; 7.464 ; 7.464 ;
; A[3]       ; Z            ; 8.566 ; 8.566 ; 8.566 ; 8.566 ;
; A[3]       ; display7[0]  ; 7.179 ; 7.179 ; 7.179 ; 7.179 ;
; A[3]       ; display7[1]  ; 7.176 ; 7.176 ; 7.176 ; 7.176 ;
; A[3]       ; display7[4]  ; 7.300 ; 7.300 ; 7.300 ; 7.300 ;
; A[3]       ; display7[5]  ; 7.272 ; 7.272 ; 7.272 ; 7.272 ;
; A[3]       ; display7[6]  ; 7.307 ; 7.307 ; 7.307 ; 7.307 ;
; A[3]       ; display72[0] ; 7.399 ; 7.399 ; 7.399 ; 7.399 ;
; B[0]       ; VLED         ; 5.466 ; 5.466 ; 5.466 ; 5.466 ;
; B[0]       ; Z            ; 6.106 ; 6.106 ; 6.106 ; 6.106 ;
; B[0]       ; display7[0]  ; 4.719 ; 4.719 ; 4.719 ; 4.719 ;
; B[0]       ; display7[1]  ; 4.716 ; 4.716 ; 4.716 ; 4.716 ;
; B[0]       ; display7[2]  ; 4.445 ; 4.445 ; 4.445 ; 4.445 ;
; B[0]       ; display7[3]  ; 4.437 ; 4.437 ; 4.437 ; 4.437 ;
; B[0]       ; display7[4]  ; 4.840 ; 4.840 ; 4.840 ; 4.840 ;
; B[0]       ; display7[5]  ; 4.812 ; 4.812 ; 4.812 ; 4.812 ;
; B[0]       ; display7[6]  ; 4.847 ; 4.847 ; 4.847 ; 4.847 ;
; B[0]       ; display72[0] ; 4.939 ; 4.939 ; 4.939 ; 4.939 ;
; B[1]       ; VLED         ; 5.434 ; 5.434 ; 5.434 ; 5.434 ;
; B[1]       ; Z            ; 6.074 ; 6.074 ; 6.074 ; 6.074 ;
; B[1]       ; display7[0]  ; 4.687 ; 4.687 ; 4.687 ; 4.687 ;
; B[1]       ; display7[1]  ; 4.684 ; 4.684 ; 4.684 ; 4.684 ;
; B[1]       ; display7[2]  ; 4.413 ; 4.413 ; 4.413 ; 4.413 ;
; B[1]       ; display7[3]  ; 4.405 ; 4.405 ; 4.405 ; 4.405 ;
; B[1]       ; display7[4]  ; 4.808 ; 4.808 ; 4.808 ; 4.808 ;
; B[1]       ; display7[5]  ; 4.780 ; 4.780 ; 4.780 ; 4.780 ;
; B[1]       ; display7[6]  ; 4.815 ; 4.815 ; 4.815 ; 4.815 ;
; B[1]       ; display72[0] ; 4.907 ; 4.907 ; 4.907 ; 4.907 ;
; B[2]       ; VLED         ; 4.763 ; 4.763 ; 4.763 ; 4.763 ;
; B[2]       ; Z            ; 6.047 ; 6.047 ; 6.047 ; 6.047 ;
; B[2]       ; display7[0]  ; 4.409 ; 4.409 ; 4.409 ; 4.409 ;
; B[2]       ; display7[1]  ; 4.420 ; 4.420 ; 4.420 ; 4.420 ;
; B[2]       ; display7[2]  ; 4.442 ; 4.442 ; 4.442 ; 4.442 ;
; B[2]       ; display7[3]  ; 4.435 ; 4.435 ; 4.435 ; 4.435 ;
; B[2]       ; display7[4]  ; 4.547 ; 4.547 ; 4.547 ; 4.547 ;
; B[2]       ; display7[5]  ; 4.521 ; 4.521 ; 4.521 ; 4.521 ;
; B[2]       ; display7[6]  ; 4.544 ; 4.544 ; 4.544 ; 4.544 ;
; B[2]       ; display72[0] ; 4.236 ; 4.236 ; 4.236 ; 4.236 ;
; B[3]       ; VLED         ; 5.222 ; 5.222 ; 5.222 ; 5.222 ;
; B[3]       ; Z            ; 6.204 ; 6.204 ; 6.204 ; 6.204 ;
; B[3]       ; display7[0]  ; 4.805 ; 4.805 ; 4.805 ; 4.805 ;
; B[3]       ; display7[1]  ; 4.808 ; 4.808 ; 4.808 ; 4.808 ;
; B[3]       ; display7[2]  ; 4.751 ; 4.751 ; 4.751 ; 4.751 ;
; B[3]       ; display7[3]  ; 4.743 ; 4.743 ; 4.743 ; 4.743 ;
; B[3]       ; display7[4]  ; 4.938 ; 4.938 ; 4.938 ; 4.938 ;
; B[3]       ; display7[5]  ; 4.906 ; 4.906 ; 4.906 ; 4.906 ;
; B[3]       ; display7[6]  ; 4.933 ; 4.933 ; 4.933 ; 4.933 ;
; B[3]       ; display72[0] ; 5.025 ; 5.025 ; 5.025 ; 5.025 ;
; F[0]       ; VLED         ; 4.609 ;       ;       ; 4.609 ;
; F[0]       ; Z            ; 6.601 ; 6.601 ; 6.601 ; 6.601 ;
; F[0]       ; display7[0]  ; 5.049 ; 5.049 ; 5.049 ; 5.049 ;
; F[0]       ; display7[1]  ; 5.059 ; 5.059 ; 5.059 ; 5.059 ;
; F[0]       ; display7[2]  ; 5.002 ; 5.002 ; 5.002 ; 5.002 ;
; F[0]       ; display7[3]  ; 4.994 ; 4.994 ; 4.994 ; 4.994 ;
; F[0]       ; display7[4]  ; 5.189 ; 5.189 ; 5.189 ; 5.189 ;
; F[0]       ; display7[5]  ; 5.157 ; 5.157 ; 5.157 ; 5.157 ;
; F[0]       ; display7[6]  ; 5.182 ; 5.182 ; 5.182 ; 5.182 ;
; F[0]       ; display72[0] ; 4.933 ; 4.933 ; 4.933 ; 4.933 ;
; F[1]       ; VLED         ; 4.980 ;       ;       ; 4.980 ;
; F[1]       ; Z            ; 6.483 ; 6.483 ; 6.483 ; 6.483 ;
; F[1]       ; display7[0]  ; 4.845 ; 4.845 ; 4.845 ; 4.845 ;
; F[1]       ; display7[1]  ; 4.856 ; 4.856 ; 4.856 ; 4.856 ;
; F[1]       ; display7[2]  ; 4.878 ; 4.878 ; 4.878 ; 4.878 ;
; F[1]       ; display7[3]  ; 4.871 ; 4.871 ; 4.871 ; 4.871 ;
; F[1]       ; display7[4]  ; 4.983 ; 4.983 ; 4.983 ; 4.983 ;
; F[1]       ; display7[5]  ; 4.957 ; 4.957 ; 4.957 ; 4.957 ;
; F[1]       ; display7[6]  ; 4.980 ; 4.980 ; 4.980 ; 4.980 ;
; F[1]       ; display72[0] ; 5.014 ; 5.014 ; 5.014 ; 5.014 ;
; F[2]       ; VLED         ; 4.810 ; 4.602 ; 4.602 ; 4.810 ;
; F[2]       ; Z            ; 6.434 ; 6.434 ; 6.434 ; 6.434 ;
; F[2]       ; display7[0]  ; 4.980 ; 4.980 ; 4.980 ; 4.980 ;
; F[2]       ; display7[1]  ; 4.990 ; 4.990 ; 4.990 ; 4.990 ;
; F[2]       ; display7[2]  ; 4.933 ; 4.933 ; 4.933 ; 4.933 ;
; F[2]       ; display7[3]  ; 4.925 ; 4.925 ; 4.925 ; 4.925 ;
; F[2]       ; display7[4]  ; 5.120 ; 5.120 ; 5.120 ; 5.120 ;
; F[2]       ; display7[5]  ; 5.088 ; 5.088 ; 5.088 ; 5.088 ;
; F[2]       ; display7[6]  ; 5.113 ; 5.113 ; 5.113 ; 5.113 ;
; F[2]       ; display72[0] ; 4.558 ; 4.545 ; 4.545 ; 4.558 ;
+------------+--------------+-------+-------+-------+-------+


+-----------------------------------------------------------+
; Minimum Propagation Delay                                 ;
+------------+--------------+-------+-------+-------+-------+
; Input Port ; Output Port  ; RR    ; RF    ; FR    ; FF    ;
+------------+--------------+-------+-------+-------+-------+
; A[0]       ; VLED         ; 7.268 ; 8.067 ; 8.067 ; 7.268 ;
; A[0]       ; Z            ; 7.622 ; 7.622 ; 7.622 ; 7.622 ;
; A[0]       ; display7[0]  ; 6.421 ; 6.421 ; 6.421 ; 6.421 ;
; A[0]       ; display7[1]  ; 6.432 ; 6.432 ; 6.432 ; 6.432 ;
; A[0]       ; display7[2]  ; 6.454 ; 6.454 ; 6.454 ; 6.454 ;
; A[0]       ; display7[3]  ; 6.447 ; 6.447 ; 6.447 ; 6.447 ;
; A[0]       ; display7[4]  ; 6.559 ; 6.559 ; 6.559 ; 6.559 ;
; A[0]       ; display7[5]  ; 6.533 ; 6.533 ; 6.533 ; 6.533 ;
; A[0]       ; display7[6]  ; 6.556 ; 6.556 ; 6.556 ; 6.556 ;
; A[0]       ; display72[0] ; 7.258 ; 7.258 ; 7.258 ; 7.258 ;
; A[1]       ; VLED         ; 7.234 ; 7.234 ; 7.234 ; 7.234 ;
; A[1]       ; Z            ; 7.523 ; 7.523 ; 7.523 ; 7.523 ;
; A[1]       ; display7[0]  ; 6.322 ; 6.322 ; 6.322 ; 6.322 ;
; A[1]       ; display7[1]  ; 6.333 ; 6.333 ; 6.333 ; 6.333 ;
; A[1]       ; display7[2]  ; 6.355 ; 6.355 ; 6.355 ; 6.355 ;
; A[1]       ; display7[3]  ; 6.348 ; 6.348 ; 6.348 ; 6.348 ;
; A[1]       ; display7[4]  ; 6.460 ; 6.460 ; 6.460 ; 6.460 ;
; A[1]       ; display7[5]  ; 6.434 ; 6.434 ; 6.434 ; 6.434 ;
; A[1]       ; display7[6]  ; 6.457 ; 6.457 ; 6.457 ; 6.457 ;
; A[1]       ; display72[0] ; 7.199 ; 7.199 ; 7.199 ; 7.199 ;
; A[2]       ; VLED         ; 7.366 ; 7.366 ; 7.366 ; 7.366 ;
; A[2]       ; Z            ; 7.868 ; 7.868 ; 7.868 ; 7.868 ;
; A[2]       ; display7[0]  ; 6.669 ; 6.669 ; 6.669 ; 6.669 ;
; A[2]       ; display7[1]  ; 6.679 ; 6.679 ; 6.679 ; 6.679 ;
; A[2]       ; display7[2]  ; 6.622 ; 6.622 ; 6.622 ; 6.622 ;
; A[2]       ; display7[3]  ; 6.614 ; 6.614 ; 6.614 ; 6.614 ;
; A[2]       ; display7[4]  ; 6.809 ; 6.809 ; 6.809 ; 6.809 ;
; A[2]       ; display7[5]  ; 6.777 ; 6.777 ; 6.777 ; 6.777 ;
; A[2]       ; display7[6]  ; 6.802 ; 6.802 ; 6.802 ; 6.802 ;
; A[2]       ; display72[0] ; 7.124 ; 7.124 ; 7.124 ; 7.124 ;
; A[3]       ; VLED         ; 7.142 ; 7.142 ; 7.142 ; 7.142 ;
; A[3]       ; Z            ; 7.714 ; 7.714 ; 7.714 ; 7.714 ;
; A[3]       ; display7[0]  ; 6.520 ; 6.520 ; 6.520 ; 6.520 ;
; A[3]       ; display7[1]  ; 6.517 ; 6.517 ; 6.517 ; 6.517 ;
; A[3]       ; display7[4]  ; 6.641 ; 6.641 ; 6.641 ; 6.641 ;
; A[3]       ; display7[5]  ; 6.613 ; 6.613 ; 6.613 ; 6.613 ;
; A[3]       ; display7[6]  ; 6.648 ; 6.648 ; 6.648 ; 6.648 ;
; A[3]       ; display72[0] ; 6.740 ; 6.740 ; 6.740 ; 6.740 ;
; B[0]       ; VLED         ; 5.066 ; 5.066 ; 5.066 ; 5.066 ;
; B[0]       ; Z            ; 4.797 ; 4.797 ; 4.797 ; 4.797 ;
; B[0]       ; display7[0]  ; 3.601 ; 3.601 ; 3.601 ; 3.601 ;
; B[0]       ; display7[1]  ; 3.599 ; 3.599 ; 3.599 ; 3.599 ;
; B[0]       ; display7[2]  ; 3.629 ; 3.629 ; 3.629 ; 3.629 ;
; B[0]       ; display7[3]  ; 3.610 ; 3.610 ; 3.610 ; 3.610 ;
; B[0]       ; display7[4]  ; 3.720 ; 3.720 ; 3.720 ; 3.720 ;
; B[0]       ; display7[5]  ; 3.693 ; 3.693 ; 3.693 ; 3.693 ;
; B[0]       ; display7[6]  ; 3.731 ; 3.731 ; 3.731 ; 3.731 ;
; B[0]       ; display72[0] ; 4.804 ; 4.804 ; 4.804 ; 4.804 ;
; B[1]       ; VLED         ; 5.169 ; 5.169 ; 5.169 ; 5.169 ;
; B[1]       ; Z            ; 5.089 ; 5.089 ; 5.089 ; 5.089 ;
; B[1]       ; display7[0]  ; 3.893 ; 3.893 ; 3.893 ; 3.893 ;
; B[1]       ; display7[1]  ; 3.891 ; 3.891 ; 3.891 ; 3.891 ;
; B[1]       ; display7[2]  ; 3.921 ; 3.921 ; 3.921 ; 3.921 ;
; B[1]       ; display7[3]  ; 3.902 ; 3.902 ; 3.902 ; 3.902 ;
; B[1]       ; display7[4]  ; 4.012 ; 4.012 ; 4.012 ; 4.012 ;
; B[1]       ; display7[5]  ; 3.985 ; 3.985 ; 3.985 ; 3.985 ;
; B[1]       ; display7[6]  ; 4.023 ; 4.023 ; 4.023 ; 4.023 ;
; B[1]       ; display72[0] ; 4.907 ; 4.907 ; 4.907 ; 4.907 ;
; B[2]       ; VLED         ; 4.498 ; 4.498 ; 4.498 ; 4.498 ;
; B[2]       ; Z            ; 4.993 ; 4.993 ; 4.993 ; 4.993 ;
; B[2]       ; display7[0]  ; 3.794 ; 3.794 ; 3.794 ; 3.794 ;
; B[2]       ; display7[1]  ; 3.804 ; 3.804 ; 3.804 ; 3.804 ;
; B[2]       ; display7[2]  ; 3.747 ; 3.747 ; 3.747 ; 3.747 ;
; B[2]       ; display7[3]  ; 3.739 ; 3.739 ; 3.739 ; 3.739 ;
; B[2]       ; display7[4]  ; 3.934 ; 3.934 ; 3.934 ; 3.934 ;
; B[2]       ; display7[5]  ; 3.902 ; 3.902 ; 3.902 ; 3.902 ;
; B[2]       ; display7[6]  ; 3.927 ; 3.927 ; 3.927 ; 3.927 ;
; B[2]       ; display72[0] ; 4.236 ; 4.236 ; 4.236 ; 4.236 ;
; B[3]       ; VLED         ; 5.222 ; 5.222 ; 5.222 ; 5.222 ;
; B[3]       ; Z            ; 5.413 ; 5.413 ; 5.413 ; 5.413 ;
; B[3]       ; display7[0]  ; 4.219 ; 4.219 ; 4.219 ; 4.219 ;
; B[3]       ; display7[1]  ; 4.216 ; 4.216 ; 4.216 ; 4.216 ;
; B[3]       ; display7[2]  ; 4.751 ; 4.751 ; 4.751 ; 4.751 ;
; B[3]       ; display7[3]  ; 4.743 ; 4.743 ; 4.743 ; 4.743 ;
; B[3]       ; display7[4]  ; 4.340 ; 4.340 ; 4.340 ; 4.340 ;
; B[3]       ; display7[5]  ; 4.312 ; 4.312 ; 4.312 ; 4.312 ;
; B[3]       ; display7[6]  ; 4.347 ; 4.347 ; 4.347 ; 4.347 ;
; B[3]       ; display72[0] ; 4.439 ; 4.439 ; 4.439 ; 4.439 ;
; F[0]       ; VLED         ; 4.609 ;       ;       ; 4.609 ;
; F[0]       ; Z            ; 5.412 ; 5.412 ; 5.412 ; 5.412 ;
; F[0]       ; display7[0]  ; 4.273 ; 4.216 ; 4.216 ; 4.273 ;
; F[0]       ; display7[1]  ; 4.271 ; 4.214 ; 4.214 ; 4.271 ;
; F[0]       ; display7[2]  ; 4.301 ; 4.244 ; 4.244 ; 4.301 ;
; F[0]       ; display7[3]  ; 4.225 ; 4.225 ; 4.225 ; 4.225 ;
; F[0]       ; display7[4]  ; 4.335 ; 4.392 ; 4.392 ; 4.335 ;
; F[0]       ; display7[5]  ; 4.308 ; 4.308 ; 4.308 ; 4.308 ;
; F[0]       ; display7[6]  ; 4.346 ; 4.346 ; 4.346 ; 4.346 ;
; F[0]       ; display72[0] ; 4.923 ; 4.923 ; 4.923 ; 4.923 ;
; F[1]       ; VLED         ; 4.980 ;       ;       ; 4.980 ;
; F[1]       ; Z            ; 5.285 ; 5.285 ; 5.285 ; 5.285 ;
; F[1]       ; display7[0]  ; 4.209 ; 4.089 ; 4.089 ; 4.209 ;
; F[1]       ; display7[1]  ; 4.206 ; 4.087 ; 4.087 ; 4.206 ;
; F[1]       ; display7[2]  ; 4.305 ; 4.117 ; 4.117 ; 4.305 ;
; F[1]       ; display7[3]  ; 4.098 ; 4.098 ; 4.098 ; 4.098 ;
; F[1]       ; display7[4]  ; 4.208 ; 4.330 ; 4.330 ; 4.208 ;
; F[1]       ; display7[5]  ; 4.181 ; 4.181 ; 4.181 ; 4.181 ;
; F[1]       ; display7[6]  ; 4.219 ; 4.219 ; 4.219 ; 4.219 ;
; F[1]       ; display72[0] ; 4.429 ; 4.643 ; 4.643 ; 4.429 ;
; F[2]       ; VLED         ; 4.810 ; 4.602 ; 4.602 ; 4.810 ;
; F[2]       ; Z            ; 5.182 ; 5.182 ; 5.182 ; 5.182 ;
; F[2]       ; display7[0]  ; 3.986 ; 4.231 ; 4.231 ; 3.986 ;
; F[2]       ; display7[1]  ; 3.984 ; 4.230 ; 4.230 ; 3.984 ;
; F[2]       ; display7[2]  ; 4.014 ; 4.260 ; 4.260 ; 4.014 ;
; F[2]       ; display7[3]  ; 3.995 ; 3.995 ; 3.995 ; 3.995 ;
; F[2]       ; display7[4]  ; 4.351 ; 4.105 ; 4.105 ; 4.351 ;
; F[2]       ; display7[5]  ; 4.078 ; 4.078 ; 4.078 ; 4.078 ;
; F[2]       ; display7[6]  ; 4.116 ; 4.116 ; 4.116 ; 4.116 ;
; F[2]       ; display72[0] ; 4.545 ; 4.545 ; 4.545 ; 4.545 ;
+------------+--------------+-------+-------+-------+-------+


+----------------------------------------------------------------------------+
; Multicorner Timing Analysis Summary                                        ;
+------------------+-------+------+----------+---------+---------------------+
; Clock            ; Setup ; Hold ; Recovery ; Removal ; Minimum Pulse Width ;
+------------------+-------+------+----------+---------+---------------------+
; Worst-case Slack ; N/A   ; N/A  ; N/A      ; N/A     ; N/A                 ;
; Design-wide TNS  ; 0.0   ; 0.0  ; 0.0      ; 0.0     ; 0.0                 ;
+------------------+-------+------+----------+---------+---------------------+


+---------------------------------------------------------------+
; Progagation Delay                                             ;
+------------+--------------+--------+--------+--------+--------+
; Input Port ; Output Port  ; RR     ; RF     ; FR     ; FF     ;
+------------+--------------+--------+--------+--------+--------+
; A[0]       ; VLED         ; 16.108 ; 16.108 ; 16.108 ; 16.108 ;
; A[0]       ; Z            ; 17.553 ; 17.553 ; 17.553 ; 17.553 ;
; A[0]       ; display7[0]  ; 14.478 ; 14.478 ; 14.478 ; 14.478 ;
; A[0]       ; display7[1]  ; 14.481 ; 14.481 ; 14.481 ; 14.481 ;
; A[0]       ; display7[2]  ; 13.840 ; 13.840 ; 13.840 ; 13.840 ;
; A[0]       ; display7[3]  ; 13.820 ; 13.820 ; 13.820 ; 13.820 ;
; A[0]       ; display7[4]  ; 14.746 ; 14.746 ; 14.746 ; 14.746 ;
; A[0]       ; display7[5]  ; 14.711 ; 14.711 ; 14.711 ; 14.711 ;
; A[0]       ; display7[6]  ; 14.748 ; 14.748 ; 14.748 ; 14.748 ;
; A[0]       ; display72[0] ; 14.987 ; 14.987 ; 14.987 ; 14.987 ;
; A[1]       ; VLED         ; 15.446 ; 15.446 ; 15.446 ; 15.446 ;
; A[1]       ; Z            ; 17.291 ; 17.291 ; 17.291 ; 17.291 ;
; A[1]       ; display7[0]  ; 13.816 ; 13.816 ; 13.816 ; 13.816 ;
; A[1]       ; display7[1]  ; 13.819 ; 13.819 ; 13.819 ; 13.819 ;
; A[1]       ; display7[2]  ; 13.709 ; 13.709 ; 13.709 ; 13.709 ;
; A[1]       ; display7[3]  ; 13.687 ; 13.687 ; 13.687 ; 13.687 ;
; A[1]       ; display7[4]  ; 14.084 ; 14.084 ; 14.084 ; 14.084 ;
; A[1]       ; display7[5]  ; 14.049 ; 14.049 ; 14.049 ; 14.049 ;
; A[1]       ; display7[6]  ; 14.086 ; 14.086 ; 14.086 ; 14.086 ;
; A[1]       ; display72[0] ; 14.325 ; 14.325 ; 14.325 ; 14.325 ;
; A[2]       ; VLED         ; 14.533 ; 14.533 ; 14.533 ; 14.533 ;
; A[2]       ; Z            ; 16.736 ; 16.736 ; 16.736 ; 16.736 ;
; A[2]       ; display7[0]  ; 13.545 ; 13.545 ; 13.545 ; 13.545 ;
; A[2]       ; display7[1]  ; 13.585 ; 13.585 ; 13.585 ; 13.585 ;
; A[2]       ; display7[2]  ; 13.459 ; 13.459 ; 13.459 ; 13.459 ;
; A[2]       ; display7[3]  ; 13.439 ; 13.439 ; 13.439 ; 13.439 ;
; A[2]       ; display7[4]  ; 13.850 ; 13.850 ; 13.850 ; 13.850 ;
; A[2]       ; display7[5]  ; 13.817 ; 13.817 ; 13.817 ; 13.817 ;
; A[2]       ; display7[6]  ; 13.847 ; 13.847 ; 13.847 ; 13.847 ;
; A[2]       ; display72[0] ; 14.054 ; 14.054 ; 14.054 ; 14.054 ;
; A[3]       ; VLED         ; 14.072 ; 14.072 ; 14.072 ; 14.072 ;
; A[3]       ; Z            ; 16.590 ; 16.590 ; 16.590 ; 16.590 ;
; A[3]       ; display7[0]  ; 13.515 ; 13.515 ; 13.515 ; 13.515 ;
; A[3]       ; display7[1]  ; 13.518 ; 13.518 ; 13.518 ; 13.518 ;
; A[3]       ; display7[4]  ; 13.783 ; 13.783 ; 13.783 ; 13.783 ;
; A[3]       ; display7[5]  ; 13.748 ; 13.748 ; 13.748 ; 13.748 ;
; A[3]       ; display7[6]  ; 13.785 ; 13.785 ; 13.785 ; 13.785 ;
; A[3]       ; display72[0] ; 14.024 ; 14.024 ; 14.024 ; 14.024 ;
; B[0]       ; VLED         ; 11.300 ; 11.300 ; 11.300 ; 11.300 ;
; B[0]       ; Z            ; 12.745 ; 12.745 ; 12.745 ; 12.745 ;
; B[0]       ; display7[0]  ; 9.670  ; 9.670  ; 9.670  ; 9.670  ;
; B[0]       ; display7[1]  ; 9.673  ; 9.673  ; 9.673  ; 9.673  ;
; B[0]       ; display7[2]  ; 9.032  ; 9.032  ; 9.032  ; 9.032  ;
; B[0]       ; display7[3]  ; 9.012  ; 9.012  ; 9.012  ; 9.012  ;
; B[0]       ; display7[4]  ; 9.938  ; 9.938  ; 9.938  ; 9.938  ;
; B[0]       ; display7[5]  ; 9.903  ; 9.903  ; 9.903  ; 9.903  ;
; B[0]       ; display7[6]  ; 9.940  ; 9.940  ; 9.940  ; 9.940  ;
; B[0]       ; display72[0] ; 10.179 ; 10.179 ; 10.179 ; 10.179 ;
; B[1]       ; VLED         ; 11.246 ; 11.246 ; 11.246 ; 11.246 ;
; B[1]       ; Z            ; 12.691 ; 12.691 ; 12.691 ; 12.691 ;
; B[1]       ; display7[0]  ; 9.616  ; 9.616  ; 9.616  ; 9.616  ;
; B[1]       ; display7[1]  ; 9.619  ; 9.619  ; 9.619  ; 9.619  ;
; B[1]       ; display7[2]  ; 8.978  ; 8.978  ; 8.978  ; 8.978  ;
; B[1]       ; display7[3]  ; 8.958  ; 8.958  ; 8.958  ; 8.958  ;
; B[1]       ; display7[4]  ; 9.884  ; 9.884  ; 9.884  ; 9.884  ;
; B[1]       ; display7[5]  ; 9.849  ; 9.849  ; 9.849  ; 9.849  ;
; B[1]       ; display7[6]  ; 9.886  ; 9.886  ; 9.886  ; 9.886  ;
; B[1]       ; display72[0] ; 10.125 ; 10.125 ; 10.125 ; 10.125 ;
; B[2]       ; VLED         ; 9.749  ; 9.749  ; 9.749  ; 9.749  ;
; B[2]       ; Z            ; 12.654 ; 12.654 ; 12.654 ; 12.654 ;
; B[2]       ; display7[0]  ; 9.005  ; 9.005  ; 9.005  ; 9.005  ;
; B[2]       ; display7[1]  ; 9.050  ; 9.050  ; 9.050  ; 9.050  ;
; B[2]       ; display7[2]  ; 9.072  ; 9.072  ; 9.072  ; 9.072  ;
; B[2]       ; display7[3]  ; 9.050  ; 9.050  ; 9.050  ; 9.050  ;
; B[2]       ; display7[4]  ; 9.315  ; 9.315  ; 9.315  ; 9.315  ;
; B[2]       ; display7[5]  ; 9.280  ; 9.280  ; 9.280  ; 9.280  ;
; B[2]       ; display7[6]  ; 9.275  ; 9.275  ; 9.275  ; 9.275  ;
; B[2]       ; display72[0] ; 8.628  ; 8.628  ; 8.628  ; 8.628  ;
; B[3]       ; VLED         ; 10.344 ; 10.344 ; 10.344 ; 10.344 ;
; B[3]       ; Z            ; 12.661 ; 12.661 ; 12.661 ; 12.661 ;
; B[3]       ; display7[0]  ; 9.488  ; 9.488  ; 9.488  ; 9.488  ;
; B[3]       ; display7[1]  ; 9.510  ; 9.510  ; 9.510  ; 9.510  ;
; B[3]       ; display7[2]  ; 9.384  ; 9.384  ; 9.384  ; 9.384  ;
; B[3]       ; display7[3]  ; 9.364  ; 9.364  ; 9.364  ; 9.364  ;
; B[3]       ; display7[4]  ; 9.775  ; 9.775  ; 9.775  ; 9.775  ;
; B[3]       ; display7[5]  ; 9.742  ; 9.742  ; 9.742  ; 9.742  ;
; B[3]       ; display7[6]  ; 9.772  ; 9.772  ; 9.772  ; 9.772  ;
; B[3]       ; display72[0] ; 9.997  ; 9.997  ; 9.997  ; 9.997  ;
; F[0]       ; VLED         ; 8.923  ;        ;        ; 8.923  ;
; F[0]       ; Z            ; 13.468 ; 13.468 ; 13.468 ; 13.468 ;
; F[0]       ; display7[0]  ; 10.021 ; 10.021 ; 10.021 ; 10.021 ;
; F[0]       ; display7[1]  ; 10.063 ; 10.063 ; 10.063 ; 10.063 ;
; F[0]       ; display7[2]  ; 9.937  ; 9.937  ; 9.937  ; 9.937  ;
; F[0]       ; display7[3]  ; 9.917  ; 9.917  ; 9.917  ; 9.917  ;
; F[0]       ; display7[4]  ; 10.328 ; 10.328 ; 10.328 ; 10.328 ;
; F[0]       ; display7[5]  ; 10.295 ; 10.295 ; 10.295 ; 10.295 ;
; F[0]       ; display7[6]  ; 10.325 ; 10.325 ; 10.325 ; 10.325 ;
; F[0]       ; display72[0] ; 9.764  ; 9.764  ; 9.764  ; 9.764  ;
; F[1]       ; VLED         ; 9.644  ;        ;        ; 9.644  ;
; F[1]       ; Z            ; 13.041 ; 13.041 ; 13.041 ; 13.041 ;
; F[1]       ; display7[0]  ; 9.392  ; 9.392  ; 9.392  ; 9.392  ;
; F[1]       ; display7[1]  ; 9.437  ; 9.437  ; 9.437  ; 9.437  ;
; F[1]       ; display7[2]  ; 9.459  ; 9.459  ; 9.459  ; 9.459  ;
; F[1]       ; display7[3]  ; 9.437  ; 9.437  ; 9.437  ; 9.437  ;
; F[1]       ; display7[4]  ; 9.702  ; 9.702  ; 9.702  ; 9.702  ;
; F[1]       ; display7[5]  ; 9.667  ; 9.667  ; 9.667  ; 9.667  ;
; F[1]       ; display7[6]  ; 9.662  ; 9.662  ; 9.662  ; 9.662  ;
; F[1]       ; display72[0] ; 9.829  ; 9.829  ; 9.829  ; 9.829  ;
; F[2]       ; VLED         ; 9.517  ; 8.999  ; 8.999  ; 9.517  ;
; F[2]       ; Z            ; 13.229 ; 13.229 ; 13.229 ; 13.229 ;
; F[2]       ; display7[0]  ; 10.000 ; 10.000 ; 10.000 ; 10.000 ;
; F[2]       ; display7[1]  ; 10.042 ; 10.042 ; 10.042 ; 10.042 ;
; F[2]       ; display7[2]  ; 9.916  ; 9.916  ; 9.916  ; 9.916  ;
; F[2]       ; display7[3]  ; 9.896  ; 9.896  ; 9.896  ; 9.896  ;
; F[2]       ; display7[4]  ; 10.307 ; 10.307 ; 10.307 ; 10.307 ;
; F[2]       ; display7[5]  ; 10.274 ; 10.274 ; 10.274 ; 10.274 ;
; F[2]       ; display7[6]  ; 10.304 ; 10.304 ; 10.304 ; 10.304 ;
; F[2]       ; display72[0] ; 9.004  ; 8.999  ; 8.999  ; 9.004  ;
+------------+--------------+--------+--------+--------+--------+


+-----------------------------------------------------------+
; Minimum Progagation Delay                                 ;
+------------+--------------+-------+-------+-------+-------+
; Input Port ; Output Port  ; RR    ; RF    ; FR    ; FF    ;
+------------+--------------+-------+-------+-------+-------+
; A[0]       ; VLED         ; 7.268 ; 8.067 ; 8.067 ; 7.268 ;
; A[0]       ; Z            ; 7.622 ; 7.622 ; 7.622 ; 7.622 ;
; A[0]       ; display7[0]  ; 6.421 ; 6.421 ; 6.421 ; 6.421 ;
; A[0]       ; display7[1]  ; 6.432 ; 6.432 ; 6.432 ; 6.432 ;
; A[0]       ; display7[2]  ; 6.454 ; 6.454 ; 6.454 ; 6.454 ;
; A[0]       ; display7[3]  ; 6.447 ; 6.447 ; 6.447 ; 6.447 ;
; A[0]       ; display7[4]  ; 6.559 ; 6.559 ; 6.559 ; 6.559 ;
; A[0]       ; display7[5]  ; 6.533 ; 6.533 ; 6.533 ; 6.533 ;
; A[0]       ; display7[6]  ; 6.556 ; 6.556 ; 6.556 ; 6.556 ;
; A[0]       ; display72[0] ; 7.258 ; 7.258 ; 7.258 ; 7.258 ;
; A[1]       ; VLED         ; 7.234 ; 7.234 ; 7.234 ; 7.234 ;
; A[1]       ; Z            ; 7.523 ; 7.523 ; 7.523 ; 7.523 ;
; A[1]       ; display7[0]  ; 6.322 ; 6.322 ; 6.322 ; 6.322 ;
; A[1]       ; display7[1]  ; 6.333 ; 6.333 ; 6.333 ; 6.333 ;
; A[1]       ; display7[2]  ; 6.355 ; 6.355 ; 6.355 ; 6.355 ;
; A[1]       ; display7[3]  ; 6.348 ; 6.348 ; 6.348 ; 6.348 ;
; A[1]       ; display7[4]  ; 6.460 ; 6.460 ; 6.460 ; 6.460 ;
; A[1]       ; display7[5]  ; 6.434 ; 6.434 ; 6.434 ; 6.434 ;
; A[1]       ; display7[6]  ; 6.457 ; 6.457 ; 6.457 ; 6.457 ;
; A[1]       ; display72[0] ; 7.199 ; 7.199 ; 7.199 ; 7.199 ;
; A[2]       ; VLED         ; 7.366 ; 7.366 ; 7.366 ; 7.366 ;
; A[2]       ; Z            ; 7.868 ; 7.868 ; 7.868 ; 7.868 ;
; A[2]       ; display7[0]  ; 6.669 ; 6.669 ; 6.669 ; 6.669 ;
; A[2]       ; display7[1]  ; 6.679 ; 6.679 ; 6.679 ; 6.679 ;
; A[2]       ; display7[2]  ; 6.622 ; 6.622 ; 6.622 ; 6.622 ;
; A[2]       ; display7[3]  ; 6.614 ; 6.614 ; 6.614 ; 6.614 ;
; A[2]       ; display7[4]  ; 6.809 ; 6.809 ; 6.809 ; 6.809 ;
; A[2]       ; display7[5]  ; 6.777 ; 6.777 ; 6.777 ; 6.777 ;
; A[2]       ; display7[6]  ; 6.802 ; 6.802 ; 6.802 ; 6.802 ;
; A[2]       ; display72[0] ; 7.124 ; 7.124 ; 7.124 ; 7.124 ;
; A[3]       ; VLED         ; 7.142 ; 7.142 ; 7.142 ; 7.142 ;
; A[3]       ; Z            ; 7.714 ; 7.714 ; 7.714 ; 7.714 ;
; A[3]       ; display7[0]  ; 6.520 ; 6.520 ; 6.520 ; 6.520 ;
; A[3]       ; display7[1]  ; 6.517 ; 6.517 ; 6.517 ; 6.517 ;
; A[3]       ; display7[4]  ; 6.641 ; 6.641 ; 6.641 ; 6.641 ;
; A[3]       ; display7[5]  ; 6.613 ; 6.613 ; 6.613 ; 6.613 ;
; A[3]       ; display7[6]  ; 6.648 ; 6.648 ; 6.648 ; 6.648 ;
; A[3]       ; display72[0] ; 6.740 ; 6.740 ; 6.740 ; 6.740 ;
; B[0]       ; VLED         ; 5.066 ; 5.066 ; 5.066 ; 5.066 ;
; B[0]       ; Z            ; 4.797 ; 4.797 ; 4.797 ; 4.797 ;
; B[0]       ; display7[0]  ; 3.601 ; 3.601 ; 3.601 ; 3.601 ;
; B[0]       ; display7[1]  ; 3.599 ; 3.599 ; 3.599 ; 3.599 ;
; B[0]       ; display7[2]  ; 3.629 ; 3.629 ; 3.629 ; 3.629 ;
; B[0]       ; display7[3]  ; 3.610 ; 3.610 ; 3.610 ; 3.610 ;
; B[0]       ; display7[4]  ; 3.720 ; 3.720 ; 3.720 ; 3.720 ;
; B[0]       ; display7[5]  ; 3.693 ; 3.693 ; 3.693 ; 3.693 ;
; B[0]       ; display7[6]  ; 3.731 ; 3.731 ; 3.731 ; 3.731 ;
; B[0]       ; display72[0] ; 4.804 ; 4.804 ; 4.804 ; 4.804 ;
; B[1]       ; VLED         ; 5.169 ; 5.169 ; 5.169 ; 5.169 ;
; B[1]       ; Z            ; 5.089 ; 5.089 ; 5.089 ; 5.089 ;
; B[1]       ; display7[0]  ; 3.893 ; 3.893 ; 3.893 ; 3.893 ;
; B[1]       ; display7[1]  ; 3.891 ; 3.891 ; 3.891 ; 3.891 ;
; B[1]       ; display7[2]  ; 3.921 ; 3.921 ; 3.921 ; 3.921 ;
; B[1]       ; display7[3]  ; 3.902 ; 3.902 ; 3.902 ; 3.902 ;
; B[1]       ; display7[4]  ; 4.012 ; 4.012 ; 4.012 ; 4.012 ;
; B[1]       ; display7[5]  ; 3.985 ; 3.985 ; 3.985 ; 3.985 ;
; B[1]       ; display7[6]  ; 4.023 ; 4.023 ; 4.023 ; 4.023 ;
; B[1]       ; display72[0] ; 4.907 ; 4.907 ; 4.907 ; 4.907 ;
; B[2]       ; VLED         ; 4.498 ; 4.498 ; 4.498 ; 4.498 ;
; B[2]       ; Z            ; 4.993 ; 4.993 ; 4.993 ; 4.993 ;
; B[2]       ; display7[0]  ; 3.794 ; 3.794 ; 3.794 ; 3.794 ;
; B[2]       ; display7[1]  ; 3.804 ; 3.804 ; 3.804 ; 3.804 ;
; B[2]       ; display7[2]  ; 3.747 ; 3.747 ; 3.747 ; 3.747 ;
; B[2]       ; display7[3]  ; 3.739 ; 3.739 ; 3.739 ; 3.739 ;
; B[2]       ; display7[4]  ; 3.934 ; 3.934 ; 3.934 ; 3.934 ;
; B[2]       ; display7[5]  ; 3.902 ; 3.902 ; 3.902 ; 3.902 ;
; B[2]       ; display7[6]  ; 3.927 ; 3.927 ; 3.927 ; 3.927 ;
; B[2]       ; display72[0] ; 4.236 ; 4.236 ; 4.236 ; 4.236 ;
; B[3]       ; VLED         ; 5.222 ; 5.222 ; 5.222 ; 5.222 ;
; B[3]       ; Z            ; 5.413 ; 5.413 ; 5.413 ; 5.413 ;
; B[3]       ; display7[0]  ; 4.219 ; 4.219 ; 4.219 ; 4.219 ;
; B[3]       ; display7[1]  ; 4.216 ; 4.216 ; 4.216 ; 4.216 ;
; B[3]       ; display7[2]  ; 4.751 ; 4.751 ; 4.751 ; 4.751 ;
; B[3]       ; display7[3]  ; 4.743 ; 4.743 ; 4.743 ; 4.743 ;
; B[3]       ; display7[4]  ; 4.340 ; 4.340 ; 4.340 ; 4.340 ;
; B[3]       ; display7[5]  ; 4.312 ; 4.312 ; 4.312 ; 4.312 ;
; B[3]       ; display7[6]  ; 4.347 ; 4.347 ; 4.347 ; 4.347 ;
; B[3]       ; display72[0] ; 4.439 ; 4.439 ; 4.439 ; 4.439 ;
; F[0]       ; VLED         ; 4.609 ;       ;       ; 4.609 ;
; F[0]       ; Z            ; 5.412 ; 5.412 ; 5.412 ; 5.412 ;
; F[0]       ; display7[0]  ; 4.273 ; 4.216 ; 4.216 ; 4.273 ;
; F[0]       ; display7[1]  ; 4.271 ; 4.214 ; 4.214 ; 4.271 ;
; F[0]       ; display7[2]  ; 4.301 ; 4.244 ; 4.244 ; 4.301 ;
; F[0]       ; display7[3]  ; 4.225 ; 4.225 ; 4.225 ; 4.225 ;
; F[0]       ; display7[4]  ; 4.335 ; 4.392 ; 4.392 ; 4.335 ;
; F[0]       ; display7[5]  ; 4.308 ; 4.308 ; 4.308 ; 4.308 ;
; F[0]       ; display7[6]  ; 4.346 ; 4.346 ; 4.346 ; 4.346 ;
; F[0]       ; display72[0] ; 4.923 ; 4.923 ; 4.923 ; 4.923 ;
; F[1]       ; VLED         ; 4.980 ;       ;       ; 4.980 ;
; F[1]       ; Z            ; 5.285 ; 5.285 ; 5.285 ; 5.285 ;
; F[1]       ; display7[0]  ; 4.209 ; 4.089 ; 4.089 ; 4.209 ;
; F[1]       ; display7[1]  ; 4.206 ; 4.087 ; 4.087 ; 4.206 ;
; F[1]       ; display7[2]  ; 4.305 ; 4.117 ; 4.117 ; 4.305 ;
; F[1]       ; display7[3]  ; 4.098 ; 4.098 ; 4.098 ; 4.098 ;
; F[1]       ; display7[4]  ; 4.208 ; 4.330 ; 4.330 ; 4.208 ;
; F[1]       ; display7[5]  ; 4.181 ; 4.181 ; 4.181 ; 4.181 ;
; F[1]       ; display7[6]  ; 4.219 ; 4.219 ; 4.219 ; 4.219 ;
; F[1]       ; display72[0] ; 4.429 ; 4.643 ; 4.643 ; 4.429 ;
; F[2]       ; VLED         ; 4.810 ; 4.602 ; 4.602 ; 4.810 ;
; F[2]       ; Z            ; 5.182 ; 5.182 ; 5.182 ; 5.182 ;
; F[2]       ; display7[0]  ; 3.986 ; 4.231 ; 4.231 ; 3.986 ;
; F[2]       ; display7[1]  ; 3.984 ; 4.230 ; 4.230 ; 3.984 ;
; F[2]       ; display7[2]  ; 4.014 ; 4.260 ; 4.260 ; 4.014 ;
; F[2]       ; display7[3]  ; 3.995 ; 3.995 ; 3.995 ; 3.995 ;
; F[2]       ; display7[4]  ; 4.351 ; 4.105 ; 4.105 ; 4.351 ;
; F[2]       ; display7[5]  ; 4.078 ; 4.078 ; 4.078 ; 4.078 ;
; F[2]       ; display7[6]  ; 4.116 ; 4.116 ; 4.116 ; 4.116 ;
; F[2]       ; display72[0] ; 4.545 ; 4.545 ; 4.545 ; 4.545 ;
+------------+--------------+-------+-------+-------+-------+


-------------------
; Clock Transfers ;
-------------------
Nothing to report.


---------------
; Report TCCS ;
---------------
No dedicated SERDES Transmitter circuitry present in device or used in design


---------------
; Report RSKM ;
---------------
No dedicated SERDES Receiver circuitry present in device or used in design


+------------------------------------------------+
; Unconstrained Paths                            ;
+---------------------------------+-------+------+
; Property                        ; Setup ; Hold ;
+---------------------------------+-------+------+
; Illegal Clocks                  ; 0     ; 0    ;
; Unconstrained Clocks            ; 0     ; 0    ;
; Unconstrained Input Ports       ; 11    ; 11   ;
; Unconstrained Input Port Paths  ; 111   ; 111  ;
; Unconstrained Output Ports      ; 10    ; 10   ;
; Unconstrained Output Port Paths ; 118   ; 118  ;
+---------------------------------+-------+------+


+------------------------------------+
; TimeQuest Timing Analyzer Messages ;
+------------------------------------+
Info: *******************************************************************
Info: Running Quartus II 32-bit TimeQuest Timing Analyzer
    Info: Version 13.0.1 Build 232 06/12/2013 Service Pack 1 SJ Web Edition
    Info: Processing started: Tue Mar 06 22:52:28 2018
Info: Command: quartus_sta ULA -c ULA
Info: qsta_default_script.tcl version: #1
Warning (20028): Parallel compilation is not licensed and has been disabled
Info (21077): Low junction temperature is 0 degrees C
Info (21077): High junction temperature is 85 degrees C
Warning (335093): TimeQuest Timing Analyzer is analyzing 1 combinational loops as latches.
Critical Warning (332012): Synopsys Design Constraints File file not found: 'ULA.sdc'. A Synopsys Design Constraints File is required by the TimeQuest Timing Analyzer to get proper timing constraints. Without it, the Compiler will not properly optimize the design.
Info (332142): No user constrained base clocks found in the design. Calling "derive_clocks -period 1.0"
Info (332096): The command derive_clocks did not find any clocks to derive.  No clocks were created or changed.
Warning (332068): No clocks defined in design.
Info: Found TIMEQUEST_REPORT_SCRIPT_INCLUDE_DEFAULT_ANALYSIS = ON
Info (332159): No clocks to report
Info: Analyzing Slow Model
Info (332140): No fmax paths to report
Info (332140): No Setup paths to report
Info (332140): No Hold paths to report
Info (332140): No Recovery paths to report
Info (332140): No Removal paths to report
Info (332140): No Minimum Pulse Width paths to report
Info (332001): The selected device family is not supported by the report_metastability command.
Info: Analyzing Fast Model
Info (332142): No user constrained base clocks found in the design. Calling "derive_clocks -period 1.0"
Info (332096): The command derive_clocks did not find any clocks to derive.  No clocks were created or changed.
Warning (332068): No clocks defined in design.
Info (332140): No Setup paths to report
Info (332140): No Hold paths to report
Info (332140): No Recovery paths to report
Info (332140): No Removal paths to report
Info (332140): No Minimum Pulse Width paths to report
Info (332001): The selected device family is not supported by the report_metastability command.
Info (332102): Design is not fully constrained for setup requirements
Info (332102): Design is not fully constrained for hold requirements
Info: Quartus II 32-bit TimeQuest Timing Analyzer was successful. 0 errors, 5 warnings
    Info: Peak virtual memory: 323 megabytes
    Info: Processing ended: Tue Mar 06 22:52:41 2018
    Info: Elapsed time: 00:00:13
    Info: Total CPU time (on all processors): 00:00:02


