Analysis & Synthesis report for bombaNova
Sun Jul 01 19:02:17 2018
Quartus II 64-Bit Version 13.0.1 Build 232 06/12/2013 Service Pack 1 SJ Web Edition


---------------------
; Table of Contents ;
---------------------
  1. Legal Notice
  2. Analysis & Synthesis Summary
  3. Analysis & Synthesis Settings
  4. Parallel Compilation
  5. Analysis & Synthesis Source Files Read
  6. Analysis & Synthesis Resource Usage Summary
  7. Analysis & Synthesis Resource Utilization by Entity
  8. Registers Removed During Synthesis
  9. General Register Statistics
 10. Multiplexer Restructuring Statistics (Restructuring Performed)
 11. Port Connectivity Checks: "counter4bits:contaMin2"
 12. Port Connectivity Checks: "regis4:guardaMin2"
 13. Port Connectivity Checks: "regis4:guardaMin1"
 14. Port Connectivity Checks: "counter3bits:contaSeg2"
 15. Port Connectivity Checks: "regis4:guardaSeg2"
 16. Port Connectivity Checks: "regis4:guardaSeg1"
 17. Port Connectivity Checks: "muxbomba:mux"
 18. Port Connectivity Checks: "regis4:defuser"
 19. Elapsed Time Per Partition
 20. Analysis & Synthesis Messages



----------------
; Legal Notice ;
----------------
Copyright (C) 1991-2013 Altera Corporation
Your use of Altera Corporation's design tools, logic functions 
and other software and tools, and its AMPP partner logic 
functions, and any output files from any of the foregoing 
(including device programming or simulation files), and any 
associated documentation or information are expressly subject 
to the terms and conditions of the Altera Program License 
Subscription Agreement, Altera MegaCore Function License 
Agreement, or other applicable license agreement, including, 
without limitation, that your use is for the sole purpose of 
programming logic devices manufactured by Altera and sold by 
Altera or its authorized distributors.  Please refer to the 
applicable agreement for further details.



+--------------------------------------------------------------------------------------+
; Analysis & Synthesis Summary                                                         ;
+------------------------------------+-------------------------------------------------+
; Analysis & Synthesis Status        ; Successful - Sun Jul 01 19:02:17 2018           ;
; Quartus II 64-Bit Version          ; 13.0.1 Build 232 06/12/2013 SP 1 SJ Web Edition ;
; Revision Name                      ; bombaNova                                       ;
; Top-level Entity Name              ; bombaNova                                       ;
; Family                             ; Cyclone II                                      ;
; Total logic elements               ; 650                                             ;
;     Total combinational functions  ; 606                                             ;
;     Dedicated logic registers      ; 412                                             ;
; Total registers                    ; 412                                             ;
; Total pins                         ; 61                                              ;
; Total virtual pins                 ; 0                                               ;
; Total memory bits                  ; 0                                               ;
; Embedded Multiplier 9-bit elements ; 0                                               ;
; Total PLLs                         ; 0                                               ;
+------------------------------------+-------------------------------------------------+


+----------------------------------------------------------------------------------------------------------------------+
; Analysis & Synthesis Settings                                                                                        ;
+----------------------------------------------------------------------------+--------------------+--------------------+
; Option                                                                     ; Setting            ; Default Value      ;
+----------------------------------------------------------------------------+--------------------+--------------------+
; Device                                                                     ; EP2C35F672C6       ;                    ;
; Top-level entity name                                                      ; bombaNova          ; bombaNova          ;
; Family name                                                                ; Cyclone II         ; Cyclone IV GX      ;
; Use smart compilation                                                      ; Off                ; Off                ;
; Enable parallel Assembler and TimeQuest Timing Analyzer during compilation ; On                 ; On                 ;
; Enable compact report table                                                ; Off                ; Off                ;
; Restructure Multiplexers                                                   ; Auto               ; Auto               ;
; Create Debugging Nodes for IP Cores                                        ; Off                ; Off                ;
; Preserve fewer node names                                                  ; On                 ; On                 ;
; Disable OpenCore Plus hardware evaluation                                  ; Off                ; Off                ;
; Verilog Version                                                            ; Verilog_2001       ; Verilog_2001       ;
; VHDL Version                                                               ; VHDL_1993          ; VHDL_1993          ;
; State Machine Processing                                                   ; Auto               ; Auto               ;
; Safe State Machine                                                         ; Off                ; Off                ;
; Extract Verilog State Machines                                             ; On                 ; On                 ;
; Extract VHDL State Machines                                                ; On                 ; On                 ;
; Ignore Verilog initial constructs                                          ; Off                ; Off                ;
; Iteration limit for constant Verilog loops                                 ; 5000               ; 5000               ;
; Iteration limit for non-constant Verilog loops                             ; 250                ; 250                ;
; Add Pass-Through Logic to Inferred RAMs                                    ; On                 ; On                 ;
; Infer RAMs from Raw Logic                                                  ; On                 ; On                 ;
; Parallel Synthesis                                                         ; On                 ; On                 ;
; DSP Block Balancing                                                        ; Auto               ; Auto               ;
; NOT Gate Push-Back                                                         ; On                 ; On                 ;
; Power-Up Don't Care                                                        ; On                 ; On                 ;
; Remove Redundant Logic Cells                                               ; Off                ; Off                ;
; Remove Duplicate Registers                                                 ; On                 ; On                 ;
; Ignore CARRY Buffers                                                       ; Off                ; Off                ;
; Ignore CASCADE Buffers                                                     ; Off                ; Off                ;
; Ignore GLOBAL Buffers                                                      ; Off                ; Off                ;
; Ignore ROW GLOBAL Buffers                                                  ; Off                ; Off                ;
; Ignore LCELL Buffers                                                       ; Off                ; Off                ;
; Ignore SOFT Buffers                                                        ; On                 ; On                 ;
; Limit AHDL Integers to 32 Bits                                             ; Off                ; Off                ;
; Optimization Technique                                                     ; Balanced           ; Balanced           ;
; Carry Chain Length                                                         ; 70                 ; 70                 ;
; Auto Carry Chains                                                          ; On                 ; On                 ;
; Auto Open-Drain Pins                                                       ; On                 ; On                 ;
; Perform WYSIWYG Primitive Resynthesis                                      ; Off                ; Off                ;
; Auto ROM Replacement                                                       ; On                 ; On                 ;
; Auto RAM Replacement                                                       ; On                 ; On                 ;
; Auto Shift Register Replacement                                            ; Auto               ; Auto               ;
; Allow Shift Register Merging across Hierarchies                            ; Auto               ; Auto               ;
; Auto Clock Enable Replacement                                              ; On                 ; On                 ;
; Strict RAM Replacement                                                     ; Off                ; Off                ;
; Allow Synchronous Control Signals                                          ; On                 ; On                 ;
; Force Use of Synchronous Clear Signals                                     ; Off                ; Off                ;
; Auto RAM to Logic Cell Conversion                                          ; Off                ; Off                ;
; Auto Resource Sharing                                                      ; Off                ; Off                ;
; Allow Any RAM Size For Recognition                                         ; Off                ; Off                ;
; Allow Any ROM Size For Recognition                                         ; Off                ; Off                ;
; Allow Any Shift Register Size For Recognition                              ; Off                ; Off                ;
; Use LogicLock Constraints during Resource Balancing                        ; On                 ; On                 ;
; Ignore translate_off and synthesis_off directives                          ; Off                ; Off                ;
; Timing-Driven Synthesis                                                    ; Off                ; Off                ;
; Report Parameter Settings                                                  ; On                 ; On                 ;
; Report Source Assignments                                                  ; On                 ; On                 ;
; Report Connectivity Checks                                                 ; On                 ; On                 ;
; Ignore Maximum Fan-Out Assignments                                         ; Off                ; Off                ;
; Synchronization Register Chain Length                                      ; 2                  ; 2                  ;
; PowerPlay Power Optimization                                               ; Normal compilation ; Normal compilation ;
; HDL message level                                                          ; Level2             ; Level2             ;
; Suppress Register Optimization Related Messages                            ; Off                ; Off                ;
; Number of Removed Registers Reported in Synthesis Report                   ; 5000               ; 5000               ;
; Number of Swept Nodes Reported in Synthesis Report                         ; 5000               ; 5000               ;
; Number of Inverted Registers Reported in Synthesis Report                  ; 100                ; 100                ;
; Clock MUX Protection                                                       ; On                 ; On                 ;
; Auto Gated Clock Conversion                                                ; Off                ; Off                ;
; Block Design Naming                                                        ; Auto               ; Auto               ;
; SDC constraint protection                                                  ; Off                ; Off                ;
; Synthesis Effort                                                           ; Auto               ; Auto               ;
; Shift Register Replacement - Allow Asynchronous Clear Signal               ; On                 ; On                 ;
; Pre-Mapping Resynthesis Optimization                                       ; Off                ; Off                ;
; Analysis & Synthesis Message Level                                         ; Medium             ; Medium             ;
; Disable Register Merging Across Hierarchies                                ; Auto               ; Auto               ;
; Resource Aware Inference For Block RAM                                     ; On                 ; On                 ;
; Synthesis Seed                                                             ; 1                  ; 1                  ;
+----------------------------------------------------------------------------+--------------------+--------------------+


Parallel compilation was disabled, but you have multiple processors available. Enable parallel compilation to reduce compilation time.
+-------------------------------------+
; Parallel Compilation                ;
+----------------------------+--------+
; Processors                 ; Number ;
+----------------------------+--------+
; Number detected on machine ; 4      ;
; Maximum allowed            ; 1      ;
+----------------------------+--------+


+-----------------------------------------------------------------------------------------------------------------------------------------------+
; Analysis & Synthesis Source Files Read                                                                                                        ;
+----------------------------------+-----------------+-----------------+--------------------------------------------------------------+---------+
; File Name with User-Entered Path ; Used in Netlist ; File Type       ; File Name with Absolute Path                                 ; Library ;
+----------------------------------+-----------------+-----------------+--------------------------------------------------------------+---------+
; Registrador1bit.vhd              ; yes             ; User VHDL File  ; C:/Users/Rafael/Documents/bombaNovaFinal/Registrador1bit.vhd ;         ;
; counter3bits.vhd                 ; yes             ; User VHDL File  ; C:/Users/Rafael/Documents/bombaNovaFinal/counter3bits.vhd    ;         ;
; Divider.vhd                      ; yes             ; User VHDL File  ; C:/Users/Rafael/Documents/bombaNovaFinal/Divider.vhd         ;         ;
; bombaNova.vhd                    ; yes             ; User VHDL File  ; C:/Users/Rafael/Documents/bombaNovaFinal/bombaNova.vhd       ;         ;
; muxbomba.vhd                     ; yes             ; User VHDL File  ; C:/Users/Rafael/Documents/bombaNovaFinal/muxbomba.vhd        ;         ;
; Seg7.vhd                         ; yes             ; User VHDL File  ; C:/Users/Rafael/Documents/bombaNovaFinal/Seg7.vhd            ;         ;
; regis4.vhd                       ; yes             ; User VHDL File  ; C:/Users/Rafael/Documents/bombaNovaFinal/regis4.vhd          ;         ;
; counter4bits.vhd                 ; yes             ; User VHDL File  ; C:/Users/Rafael/Documents/bombaNovaFinal/counter4bits.vhd    ;         ;
+----------------------------------+-----------------+-----------------+--------------------------------------------------------------+---------+


+-----------------------------------------------------+
; Analysis & Synthesis Resource Usage Summary         ;
+---------------------------------------------+-------+
; Resource                                    ; Usage ;
+---------------------------------------------+-------+
; Estimated Total logic elements              ; 650   ;
;                                             ;       ;
; Total combinational functions               ; 606   ;
; Logic element usage by number of LUT inputs ;       ;
;     -- 4 input functions                    ; 205   ;
;     -- 3 input functions                    ; 44    ;
;     -- <=2 input functions                  ; 357   ;
;                                             ;       ;
; Logic elements by mode                      ;       ;
;     -- normal mode                          ; 304   ;
;     -- arithmetic mode                      ; 302   ;
;                                             ;       ;
; Total registers                             ; 412   ;
;     -- Dedicated logic registers            ; 412   ;
;     -- I/O registers                        ; 0     ;
;                                             ;       ;
; I/O pins                                    ; 61    ;
; Embedded Multiplier 9-bit elements          ; 0     ;
; Maximum fan-out node                        ; clock ;
; Maximum fan-out                             ; 393   ;
; Total fan-out                               ; 3152  ;
; Average fan-out                             ; 2.92  ;
+---------------------------------------------+-------+


+-------------------------------------------------------------------------------------------------------------------------------------------------------------------------------------------------------------------+
; Analysis & Synthesis Resource Utilization by Entity                                                                                                                                                               ;
+---------------------------------+-------------------+--------------+-------------+--------------+---------+-----------+------+--------------+------------------------------------------------------+--------------+
; Compilation Hierarchy Node      ; LC Combinationals ; LC Registers ; Memory Bits ; DSP Elements ; DSP 9x9 ; DSP 18x18 ; Pins ; Virtual Pins ; Full Hierarchy Name                                  ; Library Name ;
+---------------------------------+-------------------+--------------+-------------+--------------+---------+-----------+------+--------------+------------------------------------------------------+--------------+
; |bombaNova                      ; 606 (423)         ; 412 (310)    ; 0           ; 0            ; 0       ; 0         ; 61   ; 0            ; |bombaNova                                           ; work         ;
;    |Divider:DiviMaster|         ; 89 (89)           ; 63 (63)      ; 0           ; 0            ; 0       ; 0         ; 0    ; 0            ; |bombaNova|Divider:DiviMaster                        ; work         ;
;    |Seg7:mostraCodigo|          ; 7 (7)             ; 0 (0)        ; 0           ; 0            ; 0       ; 0         ; 0    ; 0            ; |bombaNova|Seg7:mostraCodigo                         ; work         ;
;    |Seg7:mostraMin1|            ; 7 (7)             ; 0 (0)        ; 0           ; 0            ; 0       ; 0         ; 0    ; 0            ; |bombaNova|Seg7:mostraMin1                           ; work         ;
;    |Seg7:mostraMin2|            ; 7 (7)             ; 0 (0)        ; 0           ; 0            ; 0       ; 0         ; 0    ; 0            ; |bombaNova|Seg7:mostraMin2                           ; work         ;
;    |Seg7:mostraSeg1|            ; 7 (7)             ; 0 (0)        ; 0           ; 0            ; 0       ; 0         ; 0    ; 0            ; |bombaNova|Seg7:mostraSeg1                           ; work         ;
;    |Seg7:mostraSeg2|            ; 7 (7)             ; 0 (0)        ; 0           ; 0            ; 0       ; 0         ; 0    ; 0            ; |bombaNova|Seg7:mostraSeg2                           ; work         ;
;    |counter3bits:contaSeg2|     ; 14 (14)           ; 5 (5)        ; 0           ; 0            ; 0       ; 0         ; 0    ; 0            ; |bombaNova|counter3bits:contaSeg2                    ; work         ;
;    |counter4bits:contaMin1|     ; 14 (14)           ; 5 (5)        ; 0           ; 0            ; 0       ; 0         ; 0    ; 0            ; |bombaNova|counter4bits:contaMin1                    ; work         ;
;    |counter4bits:contaMin2|     ; 14 (14)           ; 4 (4)        ; 0           ; 0            ; 0       ; 0         ; 0    ; 0            ; |bombaNova|counter4bits:contaMin2                    ; work         ;
;    |counter4bits:contaSeg1|     ; 14 (14)           ; 5 (5)        ; 0           ; 0            ; 0       ; 0         ; 0    ; 0            ; |bombaNova|counter4bits:contaSeg1                    ; work         ;
;    |muxbomba:mux|               ; 3 (3)             ; 0 (0)        ; 0           ; 0            ; 0       ; 0         ; 0    ; 0            ; |bombaNova|muxbomba:mux                              ; work         ;
;    |regis4:defuser|             ; 0 (0)             ; 4 (0)        ; 0           ; 0            ; 0       ; 0         ; 0    ; 0            ; |bombaNova|regis4:defuser                            ; work         ;
;       |Registrador1bit:regis00| ; 0 (0)             ; 1 (1)        ; 0           ; 0            ; 0       ; 0         ; 0    ; 0            ; |bombaNova|regis4:defuser|Registrador1bit:regis00    ; work         ;
;       |Registrador1bit:regis01| ; 0 (0)             ; 1 (1)        ; 0           ; 0            ; 0       ; 0         ; 0    ; 0            ; |bombaNova|regis4:defuser|Registrador1bit:regis01    ; work         ;
;       |Registrador1bit:regis02| ; 0 (0)             ; 1 (1)        ; 0           ; 0            ; 0       ; 0         ; 0    ; 0            ; |bombaNova|regis4:defuser|Registrador1bit:regis02    ; work         ;
;       |Registrador1bit:regis03| ; 0 (0)             ; 1 (1)        ; 0           ; 0            ; 0       ; 0         ; 0    ; 0            ; |bombaNova|regis4:defuser|Registrador1bit:regis03    ; work         ;
;    |regis4:guardaMin1|          ; 0 (0)             ; 4 (0)        ; 0           ; 0            ; 0       ; 0         ; 0    ; 0            ; |bombaNova|regis4:guardaMin1                         ; work         ;
;       |Registrador1bit:regis00| ; 0 (0)             ; 1 (1)        ; 0           ; 0            ; 0       ; 0         ; 0    ; 0            ; |bombaNova|regis4:guardaMin1|Registrador1bit:regis00 ; work         ;
;       |Registrador1bit:regis01| ; 0 (0)             ; 1 (1)        ; 0           ; 0            ; 0       ; 0         ; 0    ; 0            ; |bombaNova|regis4:guardaMin1|Registrador1bit:regis01 ; work         ;
;       |Registrador1bit:regis02| ; 0 (0)             ; 1 (1)        ; 0           ; 0            ; 0       ; 0         ; 0    ; 0            ; |bombaNova|regis4:guardaMin1|Registrador1bit:regis02 ; work         ;
;       |Registrador1bit:regis03| ; 0 (0)             ; 1 (1)        ; 0           ; 0            ; 0       ; 0         ; 0    ; 0            ; |bombaNova|regis4:guardaMin1|Registrador1bit:regis03 ; work         ;
;    |regis4:guardaMin2|          ; 0 (0)             ; 4 (0)        ; 0           ; 0            ; 0       ; 0         ; 0    ; 0            ; |bombaNova|regis4:guardaMin2                         ; work         ;
;       |Registrador1bit:regis00| ; 0 (0)             ; 1 (1)        ; 0           ; 0            ; 0       ; 0         ; 0    ; 0            ; |bombaNova|regis4:guardaMin2|Registrador1bit:regis00 ; work         ;
;       |Registrador1bit:regis01| ; 0 (0)             ; 1 (1)        ; 0           ; 0            ; 0       ; 0         ; 0    ; 0            ; |bombaNova|regis4:guardaMin2|Registrador1bit:regis01 ; work         ;
;       |Registrador1bit:regis02| ; 0 (0)             ; 1 (1)        ; 0           ; 0            ; 0       ; 0         ; 0    ; 0            ; |bombaNova|regis4:guardaMin2|Registrador1bit:regis02 ; work         ;
;       |Registrador1bit:regis03| ; 0 (0)             ; 1 (1)        ; 0           ; 0            ; 0       ; 0         ; 0    ; 0            ; |bombaNova|regis4:guardaMin2|Registrador1bit:regis03 ; work         ;
;    |regis4:guardaSeg1|          ; 0 (0)             ; 4 (0)        ; 0           ; 0            ; 0       ; 0         ; 0    ; 0            ; |bombaNova|regis4:guardaSeg1                         ; work         ;
;       |Registrador1bit:regis00| ; 0 (0)             ; 1 (1)        ; 0           ; 0            ; 0       ; 0         ; 0    ; 0            ; |bombaNova|regis4:guardaSeg1|Registrador1bit:regis00 ; work         ;
;       |Registrador1bit:regis01| ; 0 (0)             ; 1 (1)        ; 0           ; 0            ; 0       ; 0         ; 0    ; 0            ; |bombaNova|regis4:guardaSeg1|Registrador1bit:regis01 ; work         ;
;       |Registrador1bit:regis02| ; 0 (0)             ; 1 (1)        ; 0           ; 0            ; 0       ; 0         ; 0    ; 0            ; |bombaNova|regis4:guardaSeg1|Registrador1bit:regis02 ; work         ;
;       |Registrador1bit:regis03| ; 0 (0)             ; 1 (1)        ; 0           ; 0            ; 0       ; 0         ; 0    ; 0            ; |bombaNova|regis4:guardaSeg1|Registrador1bit:regis03 ; work         ;
;    |regis4:guardaSeg2|          ; 0 (0)             ; 4 (0)        ; 0           ; 0            ; 0       ; 0         ; 0    ; 0            ; |bombaNova|regis4:guardaSeg2                         ; work         ;
;       |Registrador1bit:regis00| ; 0 (0)             ; 1 (1)        ; 0           ; 0            ; 0       ; 0         ; 0    ; 0            ; |bombaNova|regis4:guardaSeg2|Registrador1bit:regis00 ; work         ;
;       |Registrador1bit:regis01| ; 0 (0)             ; 1 (1)        ; 0           ; 0            ; 0       ; 0         ; 0    ; 0            ; |bombaNova|regis4:guardaSeg2|Registrador1bit:regis01 ; work         ;
;       |Registrador1bit:regis02| ; 0 (0)             ; 1 (1)        ; 0           ; 0            ; 0       ; 0         ; 0    ; 0            ; |bombaNova|regis4:guardaSeg2|Registrador1bit:regis02 ; work         ;
;       |Registrador1bit:regis03| ; 0 (0)             ; 1 (1)        ; 0           ; 0            ; 0       ; 0         ; 0    ; 0            ; |bombaNova|regis4:guardaSeg2|Registrador1bit:regis03 ; work         ;
+---------------------------------+-------------------+--------------+-------------+--------------+---------+-----------+------+--------------+------------------------------------------------------+--------------+
Note: For table entries with two numbers listed, the numbers in parentheses indicate the number of resources of the given type used by the specific entity alone. The numbers listed outside of parentheses indicate the total resources of the given type used by the specific entity and all of its sub-entities in the hierarchy.


+------------------------------------------------------------------------------------------------------+
; Registers Removed During Synthesis                                                                   ;
+-----------------------------------------------+------------------------------------------------------+
; Register name                                 ; Reason for Removal                                   ;
+-----------------------------------------------+------------------------------------------------------+
; inDisplayAux[1,3]                             ; Stuck at VCC due to stuck port data_in               ;
; regis4:guardaMin2|Registrador1bit:regis03|aux ; Lost fanout                                          ;
; regis4:guardaMin2|Registrador1bit:regis02|aux ; Lost fanout                                          ;
; regis4:guardaMin2|Registrador1bit:regis01|aux ; Lost fanout                                          ;
; regis4:guardaMin2|Registrador1bit:regis00|aux ; Lost fanout                                          ;
; regis4:guardaMin1|Registrador1bit:regis03|aux ; Lost fanout                                          ;
; regis4:guardaMin1|Registrador1bit:regis02|aux ; Lost fanout                                          ;
; regis4:guardaMin1|Registrador1bit:regis01|aux ; Lost fanout                                          ;
; regis4:guardaMin1|Registrador1bit:regis00|aux ; Lost fanout                                          ;
; regis4:guardaSeg2|Registrador1bit:regis03|aux ; Lost fanout                                          ;
; regis4:guardaSeg2|Registrador1bit:regis02|aux ; Lost fanout                                          ;
; regis4:guardaSeg2|Registrador1bit:regis01|aux ; Lost fanout                                          ;
; regis4:guardaSeg2|Registrador1bit:regis00|aux ; Lost fanout                                          ;
; regis4:guardaSeg1|Registrador1bit:regis03|aux ; Lost fanout                                          ;
; regis4:guardaSeg1|Registrador1bit:regis02|aux ; Lost fanout                                          ;
; regis4:guardaSeg1|Registrador1bit:regis01|aux ; Lost fanout                                          ;
; regis4:guardaSeg1|Registrador1bit:regis00|aux ; Lost fanout                                          ;
; inDisplayAux[0]                               ; Merged with inDisplayAux[2]                          ;
; regis4:defuser|Registrador1bit:regis03|aux    ; Merged with regis4:defuser|Registrador1bit:regis03|Q ;
; regis4:defuser|Registrador1bit:regis02|aux    ; Merged with regis4:defuser|Registrador1bit:regis02|Q ;
; regis4:defuser|Registrador1bit:regis01|aux    ; Merged with regis4:defuser|Registrador1bit:regis01|Q ;
; regis4:defuser|Registrador1bit:regis00|aux    ; Merged with regis4:defuser|Registrador1bit:regis00|Q ;
; Divider:DiviMaster|count2[0]                  ; Merged with Divider:DiviMaster|count10[0]            ;
; Divider:DiviMaster|count6[0]                  ; Merged with Divider:DiviMaster|count10[0]            ;
; Divider:DiviMaster|count2[1]                  ; Merged with Divider:DiviMaster|count10[1]            ;
; Divider:DiviMaster|count6[1]                  ; Merged with Divider:DiviMaster|count10[1]            ;
; Divider:DiviMaster|count2[2]                  ; Merged with Divider:DiviMaster|count10[2]            ;
; Divider:DiviMaster|count6[2]                  ; Merged with Divider:DiviMaster|count10[2]            ;
; Divider:DiviMaster|count2[3]                  ; Merged with Divider:DiviMaster|count10[3]            ;
; Divider:DiviMaster|count6[3]                  ; Merged with Divider:DiviMaster|count10[3]            ;
; Divider:DiviMaster|count2[4]                  ; Merged with Divider:DiviMaster|count10[4]            ;
; Divider:DiviMaster|count6[4]                  ; Merged with Divider:DiviMaster|count10[4]            ;
; Divider:DiviMaster|count2[5]                  ; Merged with Divider:DiviMaster|count10[5]            ;
; Divider:DiviMaster|count6[5]                  ; Merged with Divider:DiviMaster|count10[5]            ;
; Divider:DiviMaster|count2[6]                  ; Merged with Divider:DiviMaster|count10[6]            ;
; Divider:DiviMaster|count6[6]                  ; Merged with Divider:DiviMaster|count10[6]            ;
; Divider:DiviMaster|count2[7]                  ; Merged with Divider:DiviMaster|count10[7]            ;
; Divider:DiviMaster|count6[7]                  ; Merged with Divider:DiviMaster|count10[7]            ;
; Divider:DiviMaster|count2[8]                  ; Merged with Divider:DiviMaster|count10[8]            ;
; Divider:DiviMaster|count6[8]                  ; Merged with Divider:DiviMaster|count10[8]            ;
; Divider:DiviMaster|count2[9]                  ; Merged with Divider:DiviMaster|count10[9]            ;
; Divider:DiviMaster|count6[9]                  ; Merged with Divider:DiviMaster|count10[9]            ;
; Divider:DiviMaster|count5[0]                  ; Merged with Divider:DiviMaster|count1[0]             ;
; Divider:DiviMaster|count9[0]                  ; Merged with Divider:DiviMaster|count1[0]             ;
; Divider:DiviMaster|count5[1]                  ; Merged with Divider:DiviMaster|count1[1]             ;
; Divider:DiviMaster|count9[1]                  ; Merged with Divider:DiviMaster|count1[1]             ;
; Divider:DiviMaster|count5[2]                  ; Merged with Divider:DiviMaster|count1[2]             ;
; Divider:DiviMaster|count9[2]                  ; Merged with Divider:DiviMaster|count1[2]             ;
; Divider:DiviMaster|count5[3]                  ; Merged with Divider:DiviMaster|count1[3]             ;
; Divider:DiviMaster|count9[3]                  ; Merged with Divider:DiviMaster|count1[3]             ;
; Divider:DiviMaster|count5[4]                  ; Merged with Divider:DiviMaster|count1[4]             ;
; Divider:DiviMaster|count9[4]                  ; Merged with Divider:DiviMaster|count1[4]             ;
; Divider:DiviMaster|count5[5]                  ; Merged with Divider:DiviMaster|count1[5]             ;
; Divider:DiviMaster|count9[5]                  ; Merged with Divider:DiviMaster|count1[5]             ;
; Divider:DiviMaster|count5[6]                  ; Merged with Divider:DiviMaster|count1[6]             ;
; Divider:DiviMaster|count9[6]                  ; Merged with Divider:DiviMaster|count1[6]             ;
; Divider:DiviMaster|count5[7]                  ; Merged with Divider:DiviMaster|count1[7]             ;
; Divider:DiviMaster|count9[7]                  ; Merged with Divider:DiviMaster|count1[7]             ;
; Divider:DiviMaster|count5[8]                  ; Merged with Divider:DiviMaster|count1[8]             ;
; Divider:DiviMaster|count9[8]                  ; Merged with Divider:DiviMaster|count1[8]             ;
; Divider:DiviMaster|count5[9]                  ; Merged with Divider:DiviMaster|count1[9]             ;
; Divider:DiviMaster|count9[9]                  ; Merged with Divider:DiviMaster|count1[9]             ;
; Divider:DiviMaster|count4[0]                  ; Merged with Divider:DiviMaster|count0[0]             ;
; Divider:DiviMaster|count8[0]                  ; Merged with Divider:DiviMaster|count0[0]             ;
; Divider:DiviMaster|count4[1]                  ; Merged with Divider:DiviMaster|count0[1]             ;
; Divider:DiviMaster|count8[1]                  ; Merged with Divider:DiviMaster|count0[1]             ;
; Divider:DiviMaster|count4[2]                  ; Merged with Divider:DiviMaster|count0[2]             ;
; Divider:DiviMaster|count8[2]                  ; Merged with Divider:DiviMaster|count0[2]             ;
; Divider:DiviMaster|count4[3]                  ; Merged with Divider:DiviMaster|count0[3]             ;
; Divider:DiviMaster|count8[3]                  ; Merged with Divider:DiviMaster|count0[3]             ;
; Divider:DiviMaster|count4[4]                  ; Merged with Divider:DiviMaster|count0[4]             ;
; Divider:DiviMaster|count8[4]                  ; Merged with Divider:DiviMaster|count0[4]             ;
; Divider:DiviMaster|count4[5]                  ; Merged with Divider:DiviMaster|count0[5]             ;
; Divider:DiviMaster|count8[5]                  ; Merged with Divider:DiviMaster|count0[5]             ;
; Divider:DiviMaster|count4[6]                  ; Merged with Divider:DiviMaster|count0[6]             ;
; Divider:DiviMaster|count8[6]                  ; Merged with Divider:DiviMaster|count0[6]             ;
; Divider:DiviMaster|count4[7]                  ; Merged with Divider:DiviMaster|count0[7]             ;
; Divider:DiviMaster|count8[7]                  ; Merged with Divider:DiviMaster|count0[7]             ;
; Divider:DiviMaster|count4[8]                  ; Merged with Divider:DiviMaster|count0[8]             ;
; Divider:DiviMaster|count8[8]                  ; Merged with Divider:DiviMaster|count0[8]             ;
; Divider:DiviMaster|count4[9]                  ; Merged with Divider:DiviMaster|count0[9]             ;
; Divider:DiviMaster|count8[9]                  ; Merged with Divider:DiviMaster|count0[9]             ;
; Total Number of Removed Registers = 83        ;                                                      ;
+-----------------------------------------------+------------------------------------------------------+


+------------------------------------------------------+
; General Register Statistics                          ;
+----------------------------------------------+-------+
; Statistic                                    ; Value ;
+----------------------------------------------+-------+
; Total registers                              ; 412   ;
; Number of registers using Synchronous Clear  ; 242   ;
; Number of registers using Synchronous Load   ; 16    ;
; Number of registers using Asynchronous Clear ; 19    ;
; Number of registers using Asynchronous Load  ; 0     ;
; Number of registers using Clock Enable       ; 340   ;
; Number of registers using Preset             ; 0     ;
+----------------------------------------------+-------+


+--------------------------------------------------------------------------------------------------------------------------------------------------------+
; Multiplexer Restructuring Statistics (Restructuring Performed)                                                                                         ;
+--------------------+-----------+---------------+----------------------+------------------------+------------+------------------------------------------+
; Multiplexer Inputs ; Bus Width ; Baseline Area ; Area if Restructured ; Saving if Restructured ; Registered ; Example Multiplexer Output               ;
+--------------------+-----------+---------------+----------------------+------------------------+------------+------------------------------------------+
; 3:1                ; 32 bits   ; 64 LEs        ; 32 LEs               ; 32 LEs                 ; Yes        ; |bombaNova|\process_2:count3[4]          ;
; 3:1                ; 32 bits   ; 64 LEs        ; 32 LEs               ; 32 LEs                 ; Yes        ; |bombaNova|\process_2:count2[26]         ;
; 3:1                ; 32 bits   ; 64 LEs        ; 32 LEs               ; 32 LEs                 ; Yes        ; |bombaNova|\process_2:count1[5]          ;
; 3:1                ; 32 bits   ; 64 LEs        ; 32 LEs               ; 32 LEs                 ; Yes        ; |bombaNova|count3[3]                     ;
; 3:1                ; 32 bits   ; 64 LEs        ; 32 LEs               ; 32 LEs                 ; Yes        ; |bombaNova|count2[15]                    ;
; 3:1                ; 32 bits   ; 64 LEs        ; 32 LEs               ; 32 LEs                 ; Yes        ; |bombaNova|count1[20]                    ;
; 3:1                ; 10 bits   ; 20 LEs        ; 10 LEs               ; 10 LEs                 ; Yes        ; |bombaNova|Divider:DiviMaster|count1[8]  ;
; 3:1                ; 10 bits   ; 20 LEs        ; 10 LEs               ; 10 LEs                 ; Yes        ; |bombaNova|Divider:DiviMaster|count10[4] ;
; 3:1                ; 10 bits   ; 20 LEs        ; 10 LEs               ; 10 LEs                 ; Yes        ; |bombaNova|Divider:DiviMaster|count3[0]  ;
; 3:1                ; 10 bits   ; 20 LEs        ; 10 LEs               ; 10 LEs                 ; Yes        ; |bombaNova|Divider:DiviMaster|count7[9]  ;
; 3:1                ; 10 bits   ; 20 LEs        ; 10 LEs               ; 10 LEs                 ; Yes        ; |bombaNova|Divider:DiviMaster|count11[0] ;
; 7:1                ; 4 bits    ; 16 LEs        ; 4 LEs                ; 12 LEs                 ; Yes        ; |bombaNova|sinalSeg1[1]                  ;
; 7:1                ; 4 bits    ; 16 LEs        ; 4 LEs                ; 12 LEs                 ; Yes        ; |bombaNova|sinalMin1[0]                  ;
; 7:1                ; 4 bits    ; 16 LEs        ; 4 LEs                ; 12 LEs                 ; Yes        ; |bombaNova|sinalMin2[0]                  ;
; 8:1                ; 16 bits   ; 80 LEs        ; 32 LEs               ; 48 LEs                 ; Yes        ; |bombaNova|inDisplaySeg1[0]              ;
; 8:1                ; 4 bits    ; 20 LEs        ; 4 LEs                ; 16 LEs                 ; Yes        ; |bombaNova|sinalSeg2[3]                  ;
; 8:1                ; 2 bits    ; 10 LEs        ; 4 LEs                ; 6 LEs                  ; Yes        ; |bombaNova|selMuxOp[1]                   ;
; 9:1                ; 2 bits    ; 12 LEs        ; 10 LEs               ; 2 LEs                  ; No         ; |bombaNova|Seg7:mostraSeg1|display[6]    ;
; 9:1                ; 2 bits    ; 12 LEs        ; 10 LEs               ; 2 LEs                  ; No         ; |bombaNova|Seg7:mostraSeg2|display[6]    ;
; 9:1                ; 2 bits    ; 12 LEs        ; 10 LEs               ; 2 LEs                  ; No         ; |bombaNova|Seg7:mostraMin1|display[1]    ;
; 9:1                ; 2 bits    ; 12 LEs        ; 10 LEs               ; 2 LEs                  ; No         ; |bombaNova|Seg7:mostraMin2|display[6]    ;
; 9:1                ; 2 bits    ; 12 LEs        ; 10 LEs               ; 2 LEs                  ; No         ; |bombaNova|Seg7:mostraCodigo|display[1]  ;
+--------------------+-----------+---------------+----------------------+------------------------+------------+------------------------------------------+


+-----------------------------------------------------------------------------------------------------------------+
; Port Connectivity Checks: "counter4bits:contaMin2"                                                              ;
+-------+--------+----------+-------------------------------------------------------------------------------------+
; Port  ; Type   ; Severity ; Details                                                                             ;
+-------+--------+----------+-------------------------------------------------------------------------------------+
; zerou ; Output ; Info     ; Connected to dangling logic. Logic that only feeds a dangling port will be removed. ;
+-------+--------+----------+-------------------------------------------------------------------------------------+


+-----------------------------------------------+
; Port Connectivity Checks: "regis4:guardaMin2" ;
+-------+-------+----------+--------------------+
; Port  ; Type  ; Severity ; Details            ;
+-------+-------+----------+--------------------+
; clear ; Input ; Info     ; Stuck at GND       ;
; load  ; Input ; Info     ; Stuck at VCC       ;
+-------+-------+----------+--------------------+


+-----------------------------------------------+
; Port Connectivity Checks: "regis4:guardaMin1" ;
+-------+-------+----------+--------------------+
; Port  ; Type  ; Severity ; Details            ;
+-------+-------+----------+--------------------+
; clear ; Input ; Info     ; Stuck at GND       ;
; load  ; Input ; Info     ; Stuck at VCC       ;
+-------+-------+----------+--------------------+


+-------------------------------------------------------------------------------------------------------------------------------------------------------------------------+
; Port Connectivity Checks: "counter3bits:contaSeg2"                                                                                                                      ;
+-------+-------+----------+----------------------------------------------------------------------------------------------------------------------------------------------+
; Port  ; Type  ; Severity ; Details                                                                                                                                      ;
+-------+-------+----------+----------------------------------------------------------------------------------------------------------------------------------------------+
; clear ; Input ; Warning  ; Declared by entity but not connected by instance. If a default value exists, it will be used.  Otherwise, the port will be connected to GND. ;
+-------+-------+----------+----------------------------------------------------------------------------------------------------------------------------------------------+


+-----------------------------------------------+
; Port Connectivity Checks: "regis4:guardaSeg2" ;
+-------+-------+----------+--------------------+
; Port  ; Type  ; Severity ; Details            ;
+-------+-------+----------+--------------------+
; clear ; Input ; Info     ; Stuck at GND       ;
; load  ; Input ; Info     ; Stuck at VCC       ;
+-------+-------+----------+--------------------+


+-----------------------------------------------+
; Port Connectivity Checks: "regis4:guardaSeg1" ;
+-------+-------+----------+--------------------+
; Port  ; Type  ; Severity ; Details            ;
+-------+-------+----------+--------------------+
; clear ; Input ; Info     ; Stuck at GND       ;
; load  ; Input ; Info     ; Stuck at VCC       ;
+-------+-------+----------+--------------------+


+-------------------------------------------+
; Port Connectivity Checks: "muxbomba:mux"  ;
+---------+-------+----------+--------------+
; Port    ; Type  ; Severity ; Details      ;
+---------+-------+----------+--------------+
; desliga ; Input ; Info     ; Stuck at GND ;
+---------+-------+----------+--------------+


+--------------------------------------------+
; Port Connectivity Checks: "regis4:defuser" ;
+-------+-------+----------+-----------------+
; Port  ; Type  ; Severity ; Details         ;
+-------+-------+----------+-----------------+
; clear ; Input ; Info     ; Stuck at GND    ;
+-------+-------+----------+-----------------+


+-------------------------------+
; Elapsed Time Per Partition    ;
+----------------+--------------+
; Partition Name ; Elapsed Time ;
+----------------+--------------+
; Top            ; 00:00:01     ;
+----------------+--------------+


+-------------------------------+
; Analysis & Synthesis Messages ;
+-------------------------------+
Info: *******************************************************************
Info: Running Quartus II 64-Bit Analysis & Synthesis
    Info: Version 13.0.1 Build 232 06/12/2013 Service Pack 1 SJ Web Edition
    Info: Processing started: Sun Jul 01 19:02:14 2018
Info: Command: quartus_map --read_settings_files=on --write_settings_files=off bombaNova -c bombaNova
Warning (20028): Parallel compilation is not licensed and has been disabled
Info (12021): Found 2 design units, including 1 entities, in source file registrador1bit.vhd
    Info (12022): Found design unit 1: Registrador1bit-registra
    Info (12023): Found entity 1: Registrador1bit
Info (12021): Found 2 design units, including 1 entities, in source file counter3bits.vhd
    Info (12022): Found design unit 1: counter3bits-conta
    Info (12023): Found entity 1: counter3bits
Info (12021): Found 2 design units, including 1 entities, in source file divider.vhd
    Info (12022): Found design unit 1: Divider-arc_Divider
    Info (12023): Found entity 1: Divider
Info (12021): Found 2 design units, including 1 entities, in source file bombanova.vhd
    Info (12022): Found design unit 1: bombaNova-boom
    Info (12023): Found entity 1: bombaNova
Info (12021): Found 2 design units, including 1 entities, in source file muxbomba.vhd
    Info (12022): Found design unit 1: muxbomba-mux
    Info (12023): Found entity 1: muxbomba
Info (12021): Found 2 design units, including 1 entities, in source file seg7.vhd
    Info (12022): Found design unit 1: Seg7-mostra
    Info (12023): Found entity 1: Seg7
Info (12021): Found 2 design units, including 1 entities, in source file regis4.vhd
    Info (12022): Found design unit 1: regis4-daniela
    Info (12023): Found entity 1: regis4
Info (12021): Found 2 design units, including 1 entities, in source file counter4bits.vhd
    Info (12022): Found design unit 1: counter4bits-conta
    Info (12023): Found entity 1: counter4bits
Info (12127): Elaborating entity "bombaNova" for the top level hierarchy
Info (12128): Elaborating entity "regis4" for hierarchy "regis4:defuser"
Info (12128): Elaborating entity "Registrador1bit" for hierarchy "regis4:defuser|Registrador1bit:regis00"
Info (12128): Elaborating entity "Divider" for hierarchy "Divider:DiviMaster"
Info (12128): Elaborating entity "muxbomba" for hierarchy "muxbomba:mux"
Info (10041): Inferred latch for "c" at muxbomba.vhd(18)
Info (12128): Elaborating entity "counter4bits" for hierarchy "counter4bits:contaSeg1"
Warning (10492): VHDL Process Statement warning at counter4bits.vhd(30): signal "hasLoad" is read inside the Process Statement but isn't in the Process Statement's sensitivity list
Warning (10492): VHDL Process Statement warning at counter4bits.vhd(31): signal "load" is read inside the Process Statement but isn't in the Process Statement's sensitivity list
Info (12128): Elaborating entity "Seg7" for hierarchy "Seg7:mostraSeg1"
Info (10041): Inferred latch for "display[0]" at Seg7.vhd(19)
Info (10041): Inferred latch for "display[1]" at Seg7.vhd(19)
Info (10041): Inferred latch for "display[2]" at Seg7.vhd(19)
Info (10041): Inferred latch for "display[3]" at Seg7.vhd(19)
Info (10041): Inferred latch for "display[4]" at Seg7.vhd(19)
Info (10041): Inferred latch for "display[5]" at Seg7.vhd(19)
Info (10041): Inferred latch for "display[6]" at Seg7.vhd(19)
Info (12128): Elaborating entity "counter3bits" for hierarchy "counter3bits:contaSeg2"
Warning (10492): VHDL Process Statement warning at counter3bits.vhd(25): signal "hasLoad" is read inside the Process Statement but isn't in the Process Statement's sensitivity list
Warning (10492): VHDL Process Statement warning at counter3bits.vhd(26): signal "load" is read inside the Process Statement but isn't in the Process Statement's sensitivity list
Warning (14025): LATCH primitive "Seg7:mostraAuxiliar|display[4]" is permanently disabled
Warning (14025): LATCH primitive "Seg7:mostraAuxiliar|display[4]" is permanently disabled
Warning (14026): LATCH primitive "muxbomba:mux|c" is permanently enabled
Warning (19016): Clock multiplexers are found and protected
    Warning (19017): Found clock multiplexer muxbomba:mux|c~synth
Warning (12241): 1 hierarchies have connectivity warnings - see the Connectivity Checks report folder
Warning (13004): Presettable and clearable registers converted to equivalent circuits with latches. Registers power-up to an undefined state, and DEVCLRn places the registers in an undefined state.
    Warning (13310): Register "counter4bits:contaSeg1|count[1]" is converted into an equivalent circuit using register "counter4bits:contaSeg1|count[1]~_emulated" and latch "counter4bits:contaSeg1|count[1]~1"
    Warning (13310): Register "counter4bits:contaSeg1|count[2]" is converted into an equivalent circuit using register "counter4bits:contaSeg1|count[2]~_emulated" and latch "counter4bits:contaSeg1|count[2]~5"
    Warning (13310): Register "counter4bits:contaSeg1|count[3]" is converted into an equivalent circuit using register "counter4bits:contaSeg1|count[3]~_emulated" and latch "counter4bits:contaSeg1|count[3]~9"
    Warning (13310): Register "counter4bits:contaSeg1|count[0]" is converted into an equivalent circuit using register "counter4bits:contaSeg1|count[0]~_emulated" and latch "counter4bits:contaSeg1|count[0]~13"
    Warning (13310): Register "counter3bits:contaSeg2|count[1]" is converted into an equivalent circuit using register "counter3bits:contaSeg2|count[1]~_emulated" and latch "counter3bits:contaSeg2|count[1]~1"
    Warning (13310): Register "counter3bits:contaSeg2|count[2]" is converted into an equivalent circuit using register "counter3bits:contaSeg2|count[2]~_emulated" and latch "counter3bits:contaSeg2|count[2]~5"
    Warning (13310): Register "counter3bits:contaSeg2|count[3]" is converted into an equivalent circuit using register "counter3bits:contaSeg2|count[3]~_emulated" and latch "counter3bits:contaSeg2|count[3]~9"
    Warning (13310): Register "counter3bits:contaSeg2|count[0]" is converted into an equivalent circuit using register "counter3bits:contaSeg2|count[0]~_emulated" and latch "counter3bits:contaSeg2|count[0]~13"
    Warning (13310): Register "counter4bits:contaMin1|count[1]" is converted into an equivalent circuit using register "counter4bits:contaMin1|count[1]~_emulated" and latch "counter4bits:contaMin1|count[1]~1"
    Warning (13310): Register "counter4bits:contaMin1|count[2]" is converted into an equivalent circuit using register "counter4bits:contaMin1|count[2]~_emulated" and latch "counter4bits:contaMin1|count[2]~5"
    Warning (13310): Register "counter4bits:contaMin1|count[3]" is converted into an equivalent circuit using register "counter4bits:contaMin1|count[3]~_emulated" and latch "counter4bits:contaMin1|count[3]~9"
    Warning (13310): Register "counter4bits:contaMin1|count[0]" is converted into an equivalent circuit using register "counter4bits:contaMin1|count[0]~_emulated" and latch "counter4bits:contaMin1|count[0]~13"
    Warning (13310): Register "counter4bits:contaMin2|count[1]" is converted into an equivalent circuit using register "counter4bits:contaMin2|count[1]~_emulated" and latch "counter4bits:contaMin2|count[1]~1"
    Warning (13310): Register "counter4bits:contaMin2|count[2]" is converted into an equivalent circuit using register "counter4bits:contaMin2|count[2]~_emulated" and latch "counter4bits:contaMin2|count[2]~5"
    Warning (13310): Register "counter4bits:contaMin2|count[3]" is converted into an equivalent circuit using register "counter4bits:contaMin2|count[3]~_emulated" and latch "counter4bits:contaMin2|count[3]~9"
    Warning (13310): Register "counter4bits:contaMin2|count[0]" is converted into an equivalent circuit using register "counter4bits:contaMin2|count[0]~_emulated" and latch "counter4bits:contaMin2|count[0]~13"
Warning (13024): Output pins are stuck at VCC or GND
    Warning (13410): Pin "displayAux[4]" is stuck at VCC
Info (17049): 16 registers lost all their fanouts during netlist optimizations.
Info (16010): Generating hard_block partition "hard_block:auto_generated_inst"
    Info (16011): Adding 0 node(s), including 0 DDIO, 0 PLL, 0 transceiver and 0 LCELL
Warning (21074): Design contains 1 input pin(s) that do not drive logic
    Warning (15610): No output dependent on input pin "fios[3]"
Info (21057): Implemented 776 device resources after synthesis - the final resource count might be different
    Info (21058): Implemented 17 input pins
    Info (21059): Implemented 44 output pins
    Info (21061): Implemented 715 logic cells
Info: Quartus II 64-Bit Analysis & Synthesis was successful. 0 errors, 32 warnings
    Info: Peak virtual memory: 494 megabytes
    Info: Processing ended: Sun Jul 01 19:02:17 2018
    Info: Elapsed time: 00:00:03
    Info: Total CPU time (on all processors): 00:00:03


