Analysis & Synthesis report for Relogio
Thu Jul 26 15:45:36 2018
Quartus II 64-Bit Version 13.0.1 Build 232 06/12/2013 Service Pack 1 SJ Web Edition


---------------------
; Table of Contents ;
---------------------
  1. Legal Notice
  2. Analysis & Synthesis Summary
  3. Analysis & Synthesis Settings
  4. Parallel Compilation
  5. Analysis & Synthesis Source Files Read
  6. Analysis & Synthesis Resource Usage Summary
  7. Analysis & Synthesis Resource Utilization by Entity
  8. User-Specified and Inferred Latches
  9. Registers Removed During Synthesis
 10. General Register Statistics
 11. Multiplexer Restructuring Statistics (Restructuring Performed)
 12. Port Connectivity Checks: "contador3Bits:contadorHour2"
 13. Port Connectivity Checks: "contador3Bits:contadorMin2"
 14. Port Connectivity Checks: "contador3Bits:contadorSeg2"
 15. Elapsed Time Per Partition
 16. Analysis & Synthesis Messages



----------------
; Legal Notice ;
----------------
Copyright (C) 1991-2013 Altera Corporation
Your use of Altera Corporation's design tools, logic functions 
and other software and tools, and its AMPP partner logic 
functions, and any output files from any of the foregoing 
(including device programming or simulation files), and any 
associated documentation or information are expressly subject 
to the terms and conditions of the Altera Program License 
Subscription Agreement, Altera MegaCore Function License 
Agreement, or other applicable license agreement, including, 
without limitation, that your use is for the sole purpose of 
programming logic devices manufactured by Altera and sold by 
Altera or its authorized distributors.  Please refer to the 
applicable agreement for further details.



+--------------------------------------------------------------------------------------+
; Analysis & Synthesis Summary                                                         ;
+------------------------------------+-------------------------------------------------+
; Analysis & Synthesis Status        ; Successful - Thu Jul 26 15:45:35 2018           ;
; Quartus II 64-Bit Version          ; 13.0.1 Build 232 06/12/2013 SP 1 SJ Web Edition ;
; Revision Name                      ; Relogio                                         ;
; Top-level Entity Name              ; Relogio                                         ;
; Family                             ; Cyclone II                                      ;
; Total logic elements               ; 625                                             ;
;     Total combinational functions  ; 613                                             ;
;     Dedicated logic registers      ; 108                                             ;
; Total registers                    ; 108                                             ;
; Total pins                         ; 54                                              ;
; Total virtual pins                 ; 0                                               ;
; Total memory bits                  ; 0                                               ;
; Embedded Multiplier 9-bit elements ; 0                                               ;
; Total PLLs                         ; 0                                               ;
+------------------------------------+-------------------------------------------------+


+----------------------------------------------------------------------------------------------------------------------+
; Analysis & Synthesis Settings                                                                                        ;
+----------------------------------------------------------------------------+--------------------+--------------------+
; Option                                                                     ; Setting            ; Default Value      ;
+----------------------------------------------------------------------------+--------------------+--------------------+
; Device                                                                     ; EP2C35F672C6       ;                    ;
; Top-level entity name                                                      ; Relogio            ; Relogio            ;
; Family name                                                                ; Cyclone II         ; Cyclone IV GX      ;
; Use smart compilation                                                      ; Off                ; Off                ;
; Enable parallel Assembler and TimeQuest Timing Analyzer during compilation ; On                 ; On                 ;
; Enable compact report table                                                ; Off                ; Off                ;
; Restructure Multiplexers                                                   ; Auto               ; Auto               ;
; Create Debugging Nodes for IP Cores                                        ; Off                ; Off                ;
; Preserve fewer node names                                                  ; On                 ; On                 ;
; Disable OpenCore Plus hardware evaluation                                  ; Off                ; Off                ;
; Verilog Version                                                            ; Verilog_2001       ; Verilog_2001       ;
; VHDL Version                                                               ; VHDL_1993          ; VHDL_1993          ;
; State Machine Processing                                                   ; Auto               ; Auto               ;
; Safe State Machine                                                         ; Off                ; Off                ;
; Extract Verilog State Machines                                             ; On                 ; On                 ;
; Extract VHDL State Machines                                                ; On                 ; On                 ;
; Ignore Verilog initial constructs                                          ; Off                ; Off                ;
; Iteration limit for constant Verilog loops                                 ; 5000               ; 5000               ;
; Iteration limit for non-constant Verilog loops                             ; 250                ; 250                ;
; Add Pass-Through Logic to Inferred RAMs                                    ; On                 ; On                 ;
; Infer RAMs from Raw Logic                                                  ; On                 ; On                 ;
; Parallel Synthesis                                                         ; On                 ; On                 ;
; DSP Block Balancing                                                        ; Auto               ; Auto               ;
; NOT Gate Push-Back                                                         ; On                 ; On                 ;
; Power-Up Don't Care                                                        ; On                 ; On                 ;
; Remove Redundant Logic Cells                                               ; Off                ; Off                ;
; Remove Duplicate Registers                                                 ; On                 ; On                 ;
; Ignore CARRY Buffers                                                       ; Off                ; Off                ;
; Ignore CASCADE Buffers                                                     ; Off                ; Off                ;
; Ignore GLOBAL Buffers                                                      ; Off                ; Off                ;
; Ignore ROW GLOBAL Buffers                                                  ; Off                ; Off                ;
; Ignore LCELL Buffers                                                       ; Off                ; Off                ;
; Ignore SOFT Buffers                                                        ; On                 ; On                 ;
; Limit AHDL Integers to 32 Bits                                             ; Off                ; Off                ;
; Optimization Technique                                                     ; Balanced           ; Balanced           ;
; Carry Chain Length                                                         ; 70                 ; 70                 ;
; Auto Carry Chains                                                          ; On                 ; On                 ;
; Auto Open-Drain Pins                                                       ; On                 ; On                 ;
; Perform WYSIWYG Primitive Resynthesis                                      ; Off                ; Off                ;
; Auto ROM Replacement                                                       ; On                 ; On                 ;
; Auto RAM Replacement                                                       ; On                 ; On                 ;
; Auto Shift Register Replacement                                            ; Auto               ; Auto               ;
; Allow Shift Register Merging across Hierarchies                            ; Auto               ; Auto               ;
; Auto Clock Enable Replacement                                              ; On                 ; On                 ;
; Strict RAM Replacement                                                     ; Off                ; Off                ;
; Allow Synchronous Control Signals                                          ; On                 ; On                 ;
; Force Use of Synchronous Clear Signals                                     ; Off                ; Off                ;
; Auto RAM to Logic Cell Conversion                                          ; Off                ; Off                ;
; Auto Resource Sharing                                                      ; Off                ; Off                ;
; Allow Any RAM Size For Recognition                                         ; Off                ; Off                ;
; Allow Any ROM Size For Recognition                                         ; Off                ; Off                ;
; Allow Any Shift Register Size For Recognition                              ; Off                ; Off                ;
; Use LogicLock Constraints during Resource Balancing                        ; On                 ; On                 ;
; Ignore translate_off and synthesis_off directives                          ; Off                ; Off                ;
; Timing-Driven Synthesis                                                    ; Off                ; Off                ;
; Report Parameter Settings                                                  ; On                 ; On                 ;
; Report Source Assignments                                                  ; On                 ; On                 ;
; Report Connectivity Checks                                                 ; On                 ; On                 ;
; Ignore Maximum Fan-Out Assignments                                         ; Off                ; Off                ;
; Synchronization Register Chain Length                                      ; 2                  ; 2                  ;
; PowerPlay Power Optimization                                               ; Normal compilation ; Normal compilation ;
; HDL message level                                                          ; Level2             ; Level2             ;
; Suppress Register Optimization Related Messages                            ; Off                ; Off                ;
; Number of Removed Registers Reported in Synthesis Report                   ; 5000               ; 5000               ;
; Number of Swept Nodes Reported in Synthesis Report                         ; 5000               ; 5000               ;
; Number of Inverted Registers Reported in Synthesis Report                  ; 100                ; 100                ;
; Clock MUX Protection                                                       ; On                 ; On                 ;
; Auto Gated Clock Conversion                                                ; Off                ; Off                ;
; Block Design Naming                                                        ; Auto               ; Auto               ;
; SDC constraint protection                                                  ; Off                ; Off                ;
; Synthesis Effort                                                           ; Auto               ; Auto               ;
; Shift Register Replacement - Allow Asynchronous Clear Signal               ; On                 ; On                 ;
; Pre-Mapping Resynthesis Optimization                                       ; Off                ; Off                ;
; Analysis & Synthesis Message Level                                         ; Medium             ; Medium             ;
; Disable Register Merging Across Hierarchies                                ; Auto               ; Auto               ;
; Resource Aware Inference For Block RAM                                     ; On                 ; On                 ;
; Synthesis Seed                                                             ; 1                  ; 1                  ;
+----------------------------------------------------------------------------+--------------------+--------------------+


Parallel compilation was disabled, but you have multiple processors available. Enable parallel compilation to reduce compilation time.
+-------------------------------------+
; Parallel Compilation                ;
+----------------------------+--------+
; Processors                 ; Number ;
+----------------------------+--------+
; Number detected on machine ; 4      ;
; Maximum allowed            ; 1      ;
+----------------------------+--------+


+------------------------------------------------------------------------------------------------------------------------------------------+
; Analysis & Synthesis Source Files Read                                                                                                   ;
+----------------------------------+-----------------+-----------------+---------------------------------------------------------+---------+
; File Name with User-Entered Path ; Used in Netlist ; File Type       ; File Name with Absolute Path                            ; Library ;
+----------------------------------+-----------------+-----------------+---------------------------------------------------------+---------+
; Seg7.vhd                         ; yes             ; User VHDL File  ; C:/Users/Aluno/Documents/RelogioBeta4/Seg7.vhd          ;         ;
; Divider.vhd                      ; yes             ; User VHDL File  ; C:/Users/Aluno/Documents/RelogioBeta4/Divider.vhd       ;         ;
; contador3Bits.vhd                ; yes             ; User VHDL File  ; C:/Users/Aluno/Documents/RelogioBeta4/contador3Bits.vhd ;         ;
; contador4Bits.vhd                ; yes             ; User VHDL File  ; C:/Users/Aluno/Documents/RelogioBeta4/contador4Bits.vhd ;         ;
; Relogio.vhd                      ; yes             ; User VHDL File  ; C:/Users/Aluno/Documents/RelogioBeta4/Relogio.vhd       ;         ;
+----------------------------------+-----------------+-----------------+---------------------------------------------------------+---------+


+-----------------------------------------------------+
; Analysis & Synthesis Resource Usage Summary         ;
+---------------------------------------------+-------+
; Resource                                    ; Usage ;
+---------------------------------------------+-------+
; Estimated Total logic elements              ; 625   ;
;                                             ;       ;
; Total combinational functions               ; 613   ;
; Logic element usage by number of LUT inputs ;       ;
;     -- 4 input functions                    ; 399   ;
;     -- 3 input functions                    ; 138   ;
;     -- <=2 input functions                  ; 76    ;
;                                             ;       ;
; Logic elements by mode                      ;       ;
;     -- normal mode                          ; 577   ;
;     -- arithmetic mode                      ; 36    ;
;                                             ;       ;
; Total registers                             ; 108   ;
;     -- Dedicated logic registers            ; 108   ;
;     -- I/O registers                        ; 0     ;
;                                             ;       ;
; I/O pins                                    ; 54    ;
; Embedded Multiplier 9-bit elements          ; 0     ;
; Maximum fan-out node                        ; clock ;
; Maximum fan-out                             ; 67    ;
; Total fan-out                               ; 2550  ;
; Average fan-out                             ; 3.29  ;
+---------------------------------------------+-------+


+----------------------------------------------------------------------------------------------------------------------------------------------------------------------------------------------------+
; Analysis & Synthesis Resource Utilization by Entity                                                                                                                                                ;
+----------------------------------+-------------------+--------------+-------------+--------------+---------+-----------+------+--------------+--------------------------------------+--------------+
; Compilation Hierarchy Node       ; LC Combinationals ; LC Registers ; Memory Bits ; DSP Elements ; DSP 9x9 ; DSP 18x18 ; Pins ; Virtual Pins ; Full Hierarchy Name                  ; Library Name ;
+----------------------------------+-------------------+--------------+-------------+--------------+---------+-----------+------+--------------+--------------------------------------+--------------+
; |Relogio                         ; 613 (344)         ; 108 (38)     ; 0           ; 0            ; 0       ; 0         ; 54   ; 0            ; |Relogio                             ; work         ;
;    |Divider:DivisorFreq|         ; 59 (59)           ; 41 (41)      ; 0           ; 0            ; 0       ; 0         ; 0    ; 0            ; |Relogio|Divider:DivisorFreq         ; work         ;
;    |Seg7:DisplayHour1|           ; 22 (22)           ; 0 (0)        ; 0           ; 0            ; 0       ; 0         ; 0    ; 0            ; |Relogio|Seg7:DisplayHour1           ; work         ;
;    |Seg7:DisplayHour2|           ; 22 (22)           ; 0 (0)        ; 0           ; 0            ; 0       ; 0         ; 0    ; 0            ; |Relogio|Seg7:DisplayHour2           ; work         ;
;    |Seg7:DisplayMin1|            ; 22 (22)           ; 0 (0)        ; 0           ; 0            ; 0       ; 0         ; 0    ; 0            ; |Relogio|Seg7:DisplayMin1            ; work         ;
;    |Seg7:DisplayMin2|            ; 22 (22)           ; 0 (0)        ; 0           ; 0            ; 0       ; 0         ; 0    ; 0            ; |Relogio|Seg7:DisplayMin2            ; work         ;
;    |Seg7:DisplaySeg1|            ; 22 (22)           ; 0 (0)        ; 0           ; 0            ; 0       ; 0         ; 0    ; 0            ; |Relogio|Seg7:DisplaySeg1            ; work         ;
;    |Seg7:DisplaySeg2|            ; 22 (22)           ; 0 (0)        ; 0           ; 0            ; 0       ; 0         ; 0    ; 0            ; |Relogio|Seg7:DisplaySeg2            ; work         ;
;    |contador3Bits:contadorHour2| ; 13 (13)           ; 4 (4)        ; 0           ; 0            ; 0       ; 0         ; 0    ; 0            ; |Relogio|contador3Bits:contadorHour2 ; work         ;
;    |contador3Bits:contadorMin2|  ; 13 (13)           ; 5 (5)        ; 0           ; 0            ; 0       ; 0         ; 0    ; 0            ; |Relogio|contador3Bits:contadorMin2  ; work         ;
;    |contador3Bits:contadorSeg2|  ; 13 (13)           ; 5 (5)        ; 0           ; 0            ; 0       ; 0         ; 0    ; 0            ; |Relogio|contador3Bits:contadorSeg2  ; work         ;
;    |contador4Bits:contadorHour1| ; 13 (13)           ; 5 (5)        ; 0           ; 0            ; 0       ; 0         ; 0    ; 0            ; |Relogio|contador4Bits:contadorHour1 ; work         ;
;    |contador4Bits:contadorMin1|  ; 13 (13)           ; 5 (5)        ; 0           ; 0            ; 0       ; 0         ; 0    ; 0            ; |Relogio|contador4Bits:contadorMin1  ; work         ;
;    |contador4Bits:contadorSeg1|  ; 13 (13)           ; 5 (5)        ; 0           ; 0            ; 0       ; 0         ; 0    ; 0            ; |Relogio|contador4Bits:contadorSeg1  ; work         ;
+----------------------------------+-------------------+--------------+-------------+--------------+---------+-----------+------+--------------+--------------------------------------+--------------+
Note: For table entries with two numbers listed, the numbers in parentheses indicate the number of resources of the given type used by the specific entity alone. The numbers listed outside of parentheses indicate the total resources of the given type used by the specific entity and all of its sub-entities in the hierarchy.


+----------------------------------------------------------------------------------------------------+
; User-Specified and Inferred Latches                                                                ;
+-----------------------------------------------------+---------------------+------------------------+
; Latch Name                                          ; Latch Enable Signal ; Free of Timing Hazards ;
+-----------------------------------------------------+---------------------+------------------------+
; Seg7:DisplaySeg1|display[0]                         ; GND                 ; yes                    ;
; Seg7:DisplaySeg1|display[1]                         ; GND                 ; yes                    ;
; Seg7:DisplaySeg1|display[2]                         ; GND                 ; yes                    ;
; Seg7:DisplaySeg1|display[3]                         ; GND                 ; yes                    ;
; Seg7:DisplaySeg1|display[4]                         ; GND                 ; yes                    ;
; Seg7:DisplaySeg1|display[5]                         ; GND                 ; yes                    ;
; Seg7:DisplaySeg1|display[6]                         ; GND                 ; yes                    ;
; Seg7:DisplaySeg2|display[0]                         ; GND                 ; yes                    ;
; Seg7:DisplaySeg2|display[1]                         ; GND                 ; yes                    ;
; Seg7:DisplaySeg2|display[2]                         ; GND                 ; yes                    ;
; Seg7:DisplaySeg2|display[3]                         ; GND                 ; yes                    ;
; Seg7:DisplaySeg2|display[4]                         ; GND                 ; yes                    ;
; Seg7:DisplaySeg2|display[5]                         ; GND                 ; yes                    ;
; Seg7:DisplaySeg2|display[6]                         ; GND                 ; yes                    ;
; Seg7:DisplayMin1|display[0]                         ; GND                 ; yes                    ;
; Seg7:DisplayMin1|display[1]                         ; GND                 ; yes                    ;
; Seg7:DisplayMin1|display[2]                         ; GND                 ; yes                    ;
; Seg7:DisplayMin1|display[3]                         ; GND                 ; yes                    ;
; Seg7:DisplayMin1|display[4]                         ; GND                 ; yes                    ;
; Seg7:DisplayMin1|display[5]                         ; GND                 ; yes                    ;
; Seg7:DisplayMin1|display[6]                         ; GND                 ; yes                    ;
; Seg7:DisplayMin2|display[0]                         ; GND                 ; yes                    ;
; Seg7:DisplayMin2|display[1]                         ; GND                 ; yes                    ;
; Seg7:DisplayMin2|display[2]                         ; GND                 ; yes                    ;
; Seg7:DisplayMin2|display[3]                         ; GND                 ; yes                    ;
; Seg7:DisplayMin2|display[4]                         ; GND                 ; yes                    ;
; Seg7:DisplayMin2|display[5]                         ; GND                 ; yes                    ;
; Seg7:DisplayMin2|display[6]                         ; GND                 ; yes                    ;
; Seg7:DisplayHour1|display[0]                        ; GND                 ; yes                    ;
; Seg7:DisplayHour1|display[1]                        ; GND                 ; yes                    ;
; Seg7:DisplayHour1|display[2]                        ; GND                 ; yes                    ;
; Seg7:DisplayHour1|display[3]                        ; GND                 ; yes                    ;
; Seg7:DisplayHour1|display[4]                        ; GND                 ; yes                    ;
; Seg7:DisplayHour1|display[5]                        ; GND                 ; yes                    ;
; Seg7:DisplayHour1|display[6]                        ; GND                 ; yes                    ;
; Seg7:DisplayHour2|display[0]                        ; GND                 ; yes                    ;
; Seg7:DisplayHour2|display[1]                        ; GND                 ; yes                    ;
; Seg7:DisplayHour2|display[2]                        ; GND                 ; yes                    ;
; Seg7:DisplayHour2|display[3]                        ; GND                 ; yes                    ;
; Seg7:DisplayHour2|display[4]                        ; GND                 ; yes                    ;
; Seg7:DisplayHour2|display[5]                        ; GND                 ; yes                    ;
; Seg7:DisplayHour2|display[6]                        ; GND                 ; yes                    ;
; Number of user-specified and inferred latches = 42  ;                     ;                        ;
+-----------------------------------------------------+---------------------+------------------------+
Note: All latches listed above may not be present at the end of synthesis due to various synthesis optimizations.


+--------------------------------------------------------------+
; Registers Removed During Synthesis                           ;
+---------------------------------------+----------------------+
; Register name                         ; Reason for Removal   ;
+---------------------------------------+----------------------+
; hasLoad6                              ; Merged with hasLoad5 ;
; hasLoad2                              ; Merged with hasLoad1 ;
; hasLoad3                              ; Merged with hasLoad1 ;
; hasLoad4                              ; Merged with hasLoad1 ;
; Total Number of Removed Registers = 4 ;                      ;
+---------------------------------------+----------------------+


+------------------------------------------------------+
; General Register Statistics                          ;
+----------------------------------------------+-------+
; Statistic                                    ; Value ;
+----------------------------------------------+-------+
; Total registers                              ; 108   ;
; Number of registers using Synchronous Clear  ; 30    ;
; Number of registers using Synchronous Load   ; 5     ;
; Number of registers using Asynchronous Clear ; 41    ;
; Number of registers using Asynchronous Load  ; 0     ;
; Number of registers using Clock Enable       ; 54    ;
; Number of registers using Preset             ; 0     ;
+----------------------------------------------+-------+


+------------------------------------------------------------------------------------------------------------------------------------------------------+
; Multiplexer Restructuring Statistics (Restructuring Performed)                                                                                       ;
+--------------------+-----------+---------------+----------------------+------------------------+------------+----------------------------------------+
; Multiplexer Inputs ; Bus Width ; Baseline Area ; Area if Restructured ; Saving if Restructured ; Registered ; Example Multiplexer Output             ;
+--------------------+-----------+---------------+----------------------+------------------------+------------+----------------------------------------+
; 3:1                ; 10 bits   ; 20 LEs        ; 10 LEs               ; 10 LEs                 ; Yes        ; |Relogio|Divider:DivisorFreq|count1[0] ;
; 3:1                ; 10 bits   ; 20 LEs        ; 10 LEs               ; 10 LEs                 ; Yes        ; |Relogio|Divider:DivisorFreq|count2[3] ;
; 3:1                ; 10 bits   ; 20 LEs        ; 10 LEs               ; 10 LEs                 ; Yes        ; |Relogio|Divider:DivisorFreq|count3[1] ;
; 4:1                ; 4 bits    ; 8 LEs         ; 4 LEs                ; 4 LEs                  ; Yes        ; |Relogio|load1[0]                      ;
; 5:1                ; 4 bits    ; 12 LEs        ; 4 LEs                ; 8 LEs                  ; Yes        ; |Relogio|load2[3]                      ;
; 6:1                ; 4 bits    ; 16 LEs        ; 4 LEs                ; 12 LEs                 ; Yes        ; |Relogio|load3[0]                      ;
; 7:1                ; 4 bits    ; 16 LEs        ; 4 LEs                ; 12 LEs                 ; Yes        ; |Relogio|load4[0]                      ;
; 61:1               ; 2 bits    ; 80 LEs        ; 8 LEs                ; 72 LEs                 ; Yes        ; |Relogio|load6[2]                      ;
; 64:1               ; 2 bits    ; 84 LEs        ; 22 LEs               ; 62 LEs                 ; Yes        ; |Relogio|load6[1]                      ;
; 3:1                ; 4 bits    ; 8 LEs         ; 4 LEs                ; 4 LEs                  ; Yes        ; |Relogio|valueHour2[1]                 ;
; 3:1                ; 4 bits    ; 8 LEs         ; 4 LEs                ; 4 LEs                  ; Yes        ; |Relogio|valueHour1[0]                 ;
; 5:1                ; 3 bits    ; 9 LEs         ; 6 LEs                ; 3 LEs                  ; No         ; |Relogio|Seg7:DisplaySeg1|display[1]   ;
; 5:1                ; 3 bits    ; 9 LEs         ; 6 LEs                ; 3 LEs                  ; No         ; |Relogio|Seg7:DisplaySeg2|display[6]   ;
; 5:1                ; 3 bits    ; 9 LEs         ; 6 LEs                ; 3 LEs                  ; No         ; |Relogio|Seg7:DisplayMin1|display[6]   ;
; 5:1                ; 3 bits    ; 9 LEs         ; 6 LEs                ; 3 LEs                  ; No         ; |Relogio|Seg7:DisplayMin2|display[1]   ;
; 5:1                ; 3 bits    ; 9 LEs         ; 6 LEs                ; 3 LEs                  ; No         ; |Relogio|Seg7:DisplayHour1|display[6]  ;
; 5:1                ; 3 bits    ; 9 LEs         ; 6 LEs                ; 3 LEs                  ; No         ; |Relogio|Seg7:DisplayHour2|display[1]  ;
+--------------------+-----------+---------------+----------------------+------------------------+------------+----------------------------------------+


+--------------------------------------------------------------------------------------------------------------------------------------------------------------------------------+
; Port Connectivity Checks: "contador3Bits:contadorHour2"                                                                                                                        ;
+-------------+--------+----------+----------------------------------------------------------------------------------------------------------------------------------------------+
; Port        ; Type   ; Severity ; Details                                                                                                                                      ;
+-------------+--------+----------+----------------------------------------------------------------------------------------------------------------------------------------------+
; reachedfive ; Output ; Info     ; Connected to dangling logic. Logic that only feeds a dangling port will be removed.                                                          ;
; clear       ; Input  ; Warning  ; Declared by entity but not connected by instance. If a default value exists, it will be used.  Otherwise, the port will be connected to GND. ;
+-------------+--------+----------+----------------------------------------------------------------------------------------------------------------------------------------------+


+-------------------------------------------------------------------------------------------------------------------------------------------------------------------------+
; Port Connectivity Checks: "contador3Bits:contadorMin2"                                                                                                                  ;
+-------+-------+----------+----------------------------------------------------------------------------------------------------------------------------------------------+
; Port  ; Type  ; Severity ; Details                                                                                                                                      ;
+-------+-------+----------+----------------------------------------------------------------------------------------------------------------------------------------------+
; clear ; Input ; Warning  ; Declared by entity but not connected by instance. If a default value exists, it will be used.  Otherwise, the port will be connected to GND. ;
+-------+-------+----------+----------------------------------------------------------------------------------------------------------------------------------------------+


+-------------------------------------------------------------------------------------------------------------------------------------------------------------------------+
; Port Connectivity Checks: "contador3Bits:contadorSeg2"                                                                                                                  ;
+-------+-------+----------+----------------------------------------------------------------------------------------------------------------------------------------------+
; Port  ; Type  ; Severity ; Details                                                                                                                                      ;
+-------+-------+----------+----------------------------------------------------------------------------------------------------------------------------------------------+
; clear ; Input ; Warning  ; Declared by entity but not connected by instance. If a default value exists, it will be used.  Otherwise, the port will be connected to GND. ;
+-------+-------+----------+----------------------------------------------------------------------------------------------------------------------------------------------+


+-------------------------------+
; Elapsed Time Per Partition    ;
+----------------+--------------+
; Partition Name ; Elapsed Time ;
+----------------+--------------+
; Top            ; 00:00:03     ;
+----------------+--------------+


+-------------------------------+
; Analysis & Synthesis Messages ;
+-------------------------------+
Info: *******************************************************************
Info: Running Quartus II 64-Bit Analysis & Synthesis
    Info: Version 13.0.1 Build 232 06/12/2013 Service Pack 1 SJ Web Edition
    Info: Processing started: Thu Jul 26 15:45:30 2018
Info: Command: quartus_map --read_settings_files=on --write_settings_files=off Relogio -c Relogio
Warning (20028): Parallel compilation is not licensed and has been disabled
Info (12021): Found 2 design units, including 1 entities, in source file seg7.vhd
    Info (12022): Found design unit 1: Seg7-mostra
    Info (12023): Found entity 1: Seg7
Info (12021): Found 2 design units, including 1 entities, in source file divider.vhd
    Info (12022): Found design unit 1: Divider-arc_Divider
    Info (12023): Found entity 1: Divider
Info (12021): Found 2 design units, including 1 entities, in source file contador3bits.vhd
    Info (12022): Found design unit 1: contador3Bits-conta
    Info (12023): Found entity 1: contador3Bits
Info (12021): Found 2 design units, including 1 entities, in source file contador4bits.vhd
    Info (12022): Found design unit 1: contador4Bits-conta
    Info (12023): Found entity 1: contador4Bits
Info (12021): Found 2 design units, including 1 entities, in source file relogio.vhd
    Info (12022): Found design unit 1: Relogio-control
    Info (12023): Found entity 1: Relogio
Info (12127): Elaborating entity "Relogio" for the top level hierarchy
Warning (10492): VHDL Process Statement warning at Relogio.vhd(476): signal "load5" is read inside the Process Statement but isn't in the Process Statement's sensitivity list
Warning (10492): VHDL Process Statement warning at Relogio.vhd(477): signal "load6" is read inside the Process Statement but isn't in the Process Statement's sensitivity list
Warning (10492): VHDL Process Statement warning at Relogio.vhd(501): signal "selOp" is read inside the Process Statement but isn't in the Process Statement's sensitivity list
Warning (10492): VHDL Process Statement warning at Relogio.vhd(505): signal "setRelogio" is read inside the Process Statement but isn't in the Process Statement's sensitivity list
Warning (10492): VHDL Process Statement warning at Relogio.vhd(507): signal "setRelogio" is read inside the Process Statement but isn't in the Process Statement's sensitivity list
Warning (10492): VHDL Process Statement warning at Relogio.vhd(511): signal "setRelogio" is read inside the Process Statement but isn't in the Process Statement's sensitivity list
Warning (10492): VHDL Process Statement warning at Relogio.vhd(514): signal "load5" is read inside the Process Statement but isn't in the Process Statement's sensitivity list
Warning (10492): VHDL Process Statement warning at Relogio.vhd(514): signal "load6" is read inside the Process Statement but isn't in the Process Statement's sensitivity list
Warning (10492): VHDL Process Statement warning at Relogio.vhd(514): signal "setRelogio" is read inside the Process Statement but isn't in the Process Statement's sensitivity list
Info (12128): Elaborating entity "Divider" for hierarchy "Divider:DivisorFreq"
Info (12128): Elaborating entity "contador4Bits" for hierarchy "contador4Bits:contadorSeg1"
Warning (10492): VHDL Process Statement warning at contador4Bits.vhd(23): signal "hasLoad" is read inside the Process Statement but isn't in the Process Statement's sensitivity list
Warning (10492): VHDL Process Statement warning at contador4Bits.vhd(24): signal "load" is read inside the Process Statement but isn't in the Process Statement's sensitivity list
Info (12128): Elaborating entity "contador3Bits" for hierarchy "contador3Bits:contadorSeg2"
Warning (10492): VHDL Process Statement warning at contador3Bits.vhd(25): signal "hasLoad" is read inside the Process Statement but isn't in the Process Statement's sensitivity list
Warning (10492): VHDL Process Statement warning at contador3Bits.vhd(26): signal "load" is read inside the Process Statement but isn't in the Process Statement's sensitivity list
Info (12128): Elaborating entity "Seg7" for hierarchy "Seg7:DisplaySeg1"
Info (10041): Inferred latch for "display[0]" at Seg7.vhd(19)
Info (10041): Inferred latch for "display[1]" at Seg7.vhd(19)
Info (10041): Inferred latch for "display[2]" at Seg7.vhd(19)
Info (10041): Inferred latch for "display[3]" at Seg7.vhd(19)
Info (10041): Inferred latch for "display[4]" at Seg7.vhd(19)
Info (10041): Inferred latch for "display[5]" at Seg7.vhd(19)
Info (10041): Inferred latch for "display[6]" at Seg7.vhd(19)
Warning (12241): 3 hierarchies have connectivity warnings - see the Connectivity Checks report folder
Warning (13004): Presettable and clearable registers converted to equivalent circuits with latches. Registers power-up to an undefined state, and DEVCLRn places the registers in an undefined state.
    Warning (13310): Register "contador4Bits:contadorSeg1|count[3]" is converted into an equivalent circuit using register "contador4Bits:contadorSeg1|count[3]~_emulated" and latch "contador4Bits:contadorSeg1|count[3]~1"
    Warning (13310): Register "contador4Bits:contadorSeg1|count[2]" is converted into an equivalent circuit using register "contador4Bits:contadorSeg1|count[2]~_emulated" and latch "contador4Bits:contadorSeg1|count[2]~5"
    Warning (13310): Register "contador4Bits:contadorSeg1|count[1]" is converted into an equivalent circuit using register "contador4Bits:contadorSeg1|count[1]~_emulated" and latch "contador4Bits:contadorSeg1|count[1]~9"
    Warning (13310): Register "contador4Bits:contadorSeg1|count[0]" is converted into an equivalent circuit using register "contador4Bits:contadorSeg1|count[0]~_emulated" and latch "contador4Bits:contadorSeg1|count[0]~13"
    Warning (13310): Register "contador3Bits:contadorSeg2|count[3]" is converted into an equivalent circuit using register "contador3Bits:contadorSeg2|count[3]~_emulated" and latch "contador3Bits:contadorSeg2|count[3]~1"
    Warning (13310): Register "contador3Bits:contadorSeg2|count[0]" is converted into an equivalent circuit using register "contador3Bits:contadorSeg2|count[0]~_emulated" and latch "contador3Bits:contadorSeg2|count[0]~5"
    Warning (13310): Register "contador3Bits:contadorSeg2|count[1]" is converted into an equivalent circuit using register "contador3Bits:contadorSeg2|count[1]~_emulated" and latch "contador3Bits:contadorSeg2|count[1]~9"
    Warning (13310): Register "contador3Bits:contadorSeg2|count[2]" is converted into an equivalent circuit using register "contador3Bits:contadorSeg2|count[2]~_emulated" and latch "contador3Bits:contadorSeg2|count[2]~13"
    Warning (13310): Register "contador4Bits:contadorMin1|count[3]" is converted into an equivalent circuit using register "contador4Bits:contadorMin1|count[3]~_emulated" and latch "contador4Bits:contadorMin1|count[3]~1"
    Warning (13310): Register "contador4Bits:contadorMin1|count[2]" is converted into an equivalent circuit using register "contador4Bits:contadorMin1|count[2]~_emulated" and latch "contador4Bits:contadorMin1|count[2]~5"
    Warning (13310): Register "contador4Bits:contadorMin1|count[1]" is converted into an equivalent circuit using register "contador4Bits:contadorMin1|count[1]~_emulated" and latch "contador4Bits:contadorMin1|count[1]~9"
    Warning (13310): Register "contador4Bits:contadorMin1|count[0]" is converted into an equivalent circuit using register "contador4Bits:contadorMin1|count[0]~_emulated" and latch "contador4Bits:contadorMin1|count[0]~13"
    Warning (13310): Register "contador3Bits:contadorMin2|count[3]" is converted into an equivalent circuit using register "contador3Bits:contadorMin2|count[3]~_emulated" and latch "contador3Bits:contadorMin2|count[3]~1"
    Warning (13310): Register "contador3Bits:contadorMin2|count[0]" is converted into an equivalent circuit using register "contador3Bits:contadorMin2|count[0]~_emulated" and latch "contador3Bits:contadorMin2|count[0]~5"
    Warning (13310): Register "contador3Bits:contadorMin2|count[1]" is converted into an equivalent circuit using register "contador3Bits:contadorMin2|count[1]~_emulated" and latch "contador3Bits:contadorMin2|count[1]~9"
    Warning (13310): Register "contador3Bits:contadorMin2|count[2]" is converted into an equivalent circuit using register "contador3Bits:contadorMin2|count[2]~_emulated" and latch "contador3Bits:contadorMin2|count[2]~13"
    Warning (13310): Register "contador4Bits:contadorHour1|count[3]" is converted into an equivalent circuit using register "contador4Bits:contadorHour1|count[3]~_emulated" and latch "contador4Bits:contadorHour1|count[3]~1"
    Warning (13310): Register "contador4Bits:contadorHour1|count[2]" is converted into an equivalent circuit using register "contador4Bits:contadorHour1|count[2]~_emulated" and latch "contador4Bits:contadorHour1|count[2]~5"
    Warning (13310): Register "contador4Bits:contadorHour1|count[1]" is converted into an equivalent circuit using register "contador4Bits:contadorHour1|count[1]~_emulated" and latch "contador4Bits:contadorHour1|count[1]~9"
    Warning (13310): Register "contador4Bits:contadorHour1|count[0]" is converted into an equivalent circuit using register "contador4Bits:contadorHour1|count[0]~_emulated" and latch "contador4Bits:contadorHour1|count[0]~13"
    Warning (13310): Register "contador3Bits:contadorHour2|count[3]" is converted into an equivalent circuit using register "contador3Bits:contadorHour2|count[3]~_emulated" and latch "contador3Bits:contadorHour2|count[3]~1"
    Warning (13310): Register "contador3Bits:contadorHour2|count[0]" is converted into an equivalent circuit using register "contador3Bits:contadorHour2|count[0]~_emulated" and latch "contador3Bits:contadorHour2|count[0]~5"
    Warning (13310): Register "contador3Bits:contadorHour2|count[1]" is converted into an equivalent circuit using register "contador3Bits:contadorHour2|count[1]~_emulated" and latch "contador3Bits:contadorHour2|count[1]~9"
    Warning (13310): Register "contador3Bits:contadorHour2|count[2]" is converted into an equivalent circuit using register "contador3Bits:contadorHour2|count[2]~_emulated" and latch "contador3Bits:contadorHour2|count[2]~13"
    Warning (13310): Register "valueHour2[3]" is converted into an equivalent circuit using register "valueHour2[3]~_emulated" and latch "valueHour2[3]~1"
    Warning (13310): Register "valueHour2[2]" is converted into an equivalent circuit using register "valueHour2[2]~_emulated" and latch "valueHour2[2]~5"
    Warning (13310): Register "valueHour2[1]" is converted into an equivalent circuit using register "valueHour2[1]~_emulated" and latch "valueHour2[1]~9"
    Warning (13310): Register "valueHour2[0]" is converted into an equivalent circuit using register "valueHour2[0]~_emulated" and latch "valueHour2[0]~13"
    Warning (13310): Register "valueHour1[1]" is converted into an equivalent circuit using register "valueHour1[1]~_emulated" and latch "valueHour1[1]~1"
    Warning (13310): Register "valueHour1[0]" is converted into an equivalent circuit using register "valueHour1[0]~_emulated" and latch "valueHour1[0]~5"
    Warning (13310): Register "valueHour1[2]" is converted into an equivalent circuit using register "valueHour1[2]~_emulated" and latch "valueHour1[2]~9"
    Warning (13310): Register "valueHour1[3]" is converted into an equivalent circuit using register "valueHour1[3]~_emulated" and latch "valueHour1[3]~13"
Info (16010): Generating hard_block partition "hard_block:auto_generated_inst"
    Info (16011): Adding 0 node(s), including 0 DDIO, 0 PLL, 0 transceiver and 0 LCELL
Info (21057): Implemented 689 device resources after synthesis - the final resource count might be different
    Info (21058): Implemented 12 input pins
    Info (21059): Implemented 42 output pins
    Info (21061): Implemented 635 logic cells
Info: Quartus II 64-Bit Analysis & Synthesis was successful. 0 errors, 48 warnings
    Info: Peak virtual memory: 4672 megabytes
    Info: Processing ended: Thu Jul 26 15:45:36 2018
    Info: Elapsed time: 00:00:06
    Info: Total CPU time (on all processors): 00:00:05


