Flow report for FilpFlopD
Wed Apr 25 17:32:05 2018
Quartus II 64-Bit Version 13.0.1 Build 232 06/12/2013 Service Pack 1 SJ Web Edition


---------------------
; Table of Contents ;
---------------------
  1. Legal Notice
  2. Flow Summary
  3. Flow Settings
  4. Flow Non-Default Global Settings
  5. Flow Elapsed Time
  6. Flow OS Summary
  7. Flow Log
  8. Flow Messages
  9. Flow Suppressed Messages



----------------
; Legal Notice ;
----------------
Copyright (C) 1991-2013 Altera Corporation
Your use of Altera Corporation's design tools, logic functions 
and other software and tools, and its AMPP partner logic 
functions, and any output files from any of the foregoing 
(including device programming or simulation files), and any 
associated documentation or information are expressly subject 
to the terms and conditions of the Altera Program License 
Subscription Agreement, Altera MegaCore Function License 
Agreement, or other applicable license agreement, including, 
without limitation, that your use is for the sole purpose of 
programming logic devices manufactured by Altera and sold by 
Altera or its authorized distributors.  Please refer to the 
applicable agreement for further details.



+--------------------------------------------------------------------------------------+
; Flow Summary                                                                         ;
+------------------------------------+-------------------------------------------------+
; Flow Status                        ; Successful - Wed Apr 25 17:32:05 2018           ;
; Quartus II 64-Bit Version          ; 13.0.1 Build 232 06/12/2013 SP 1 SJ Web Edition ;
; Revision Name                      ; FilpFlopD                                       ;
; Top-level Entity Name              ; FlipFlopD                                       ;
; Family                             ; Cyclone IV GX                                   ;
; Total logic elements               ; 2 / 14,400 ( < 1 % )                            ;
;     Total combinational functions  ; 0 / 14,400 ( 0 % )                              ;
;     Dedicated logic registers      ; 2 / 14,400 ( < 1 % )                            ;
; Total registers                    ; 2                                               ;
; Total pins                         ; 5 / 81 ( 6 % )                                  ;
; Total virtual pins                 ; 0                                               ;
; Total memory bits                  ; 0 / 552,960 ( 0 % )                             ;
; Embedded Multiplier 9-bit elements ; 0                                               ;
; Total GXB Receiver Channel PCS     ; 0 / 2 ( 0 % )                                   ;
; Total GXB Receiver Channel PMA     ; 0 / 2 ( 0 % )                                   ;
; Total GXB Transmitter Channel PCS  ; 0 / 2 ( 0 % )                                   ;
; Total GXB Transmitter Channel PMA  ; 0 / 2 ( 0 % )                                   ;
; Total PLLs                         ; 0 / 3 ( 0 % )                                   ;
; Device                             ; EP4CGX15BF14C6                                  ;
; Timing Models                      ; Final                                           ;
+------------------------------------+-------------------------------------------------+


+-----------------------------------------+
; Flow Settings                           ;
+-------------------+---------------------+
; Option            ; Setting             ;
+-------------------+---------------------+
; Start date & time ; 04/25/2018 17:25:42 ;
; Main task         ; Compilation         ;
; Revision Name     ; FilpFlopD           ;
+-------------------+---------------------+


+----------------------------------------------------------------------------------------------------------------------+
; Flow Non-Default Global Settings                                                                                     ;
+-------------------------------------+---------------------------------+---------------+-------------+----------------+
; Assignment Name                     ; Value                           ; Default Value ; Entity Name ; Section Id     ;
+-------------------------------------+---------------------------------+---------------+-------------+----------------+
; COMPILER_SIGNATURE_ID               ; 207120305346103.152468794208212 ; --            ; --          ; --             ;
; EDA_GENERATE_FUNCTIONAL_NETLIST     ; On                              ; --            ; --          ; eda_simulation ;
; EDA_OUTPUT_DATA_FORMAT              ; Verilog Hdl                     ; --            ; --          ; eda_simulation ;
; EDA_SIMULATION_TOOL                 ; ModelSim-Altera (Verilog)       ; <None>        ; --          ; --             ;
; PARTITION_COLOR                     ; 16764057                        ; --            ; FlipFlopD   ; Top            ;
; PARTITION_FITTER_PRESERVATION_LEVEL ; PLACEMENT_AND_ROUTING           ; --            ; FlipFlopD   ; Top            ;
; PARTITION_NETLIST_TYPE              ; SOURCE                          ; --            ; FlipFlopD   ; Top            ;
; PROJECT_OUTPUT_DIRECTORY            ; output_files                    ; --            ; --          ; --             ;
; TOP_LEVEL_ENTITY                    ; FlipFlopD                       ; FilpFlopD     ; --          ; --             ;
+-------------------------------------+---------------------------------+---------------+-------------+----------------+


+-------------------------------------------------------------------------------------------------------------------------------+
; Flow Elapsed Time                                                                                                             ;
+---------------------------+--------------+-------------------------+---------------------+------------------------------------+
; Module Name               ; Elapsed Time ; Average Processors Used ; Peak Virtual Memory ; Total CPU Time (on all processors) ;
+---------------------------+--------------+-------------------------+---------------------+------------------------------------+
; Analysis & Synthesis      ; 00:00:07     ; 1.0                     ; 601 MB              ; 00:00:02                           ;
; Fitter                    ; 00:00:16     ; 1.0                     ; 893 MB              ; 00:00:07                           ;
; Assembler                 ; 00:00:02     ; 1.0                     ; 525 MB              ; 00:00:02                           ;
; TimeQuest Timing Analyzer ; 00:00:10     ; 1.0                     ; 537 MB              ; 00:00:03                           ;
; EDA Netlist Writer        ; 00:00:05     ; 1.0                     ; 476 MB              ; 00:00:01                           ;
; EDA Netlist Writer        ; 00:00:02     ; 1.0                     ; 489 MB              ; 00:00:01                           ;
; EDA Netlist Writer        ; 00:00:03     ; 1.0                     ; 489 MB              ; 00:00:01                           ;
; EDA Netlist Writer        ; 00:00:03     ; 1.0                     ; 489 MB              ; 00:00:01                           ;
; EDA Netlist Writer        ; 00:00:04     ; 1.0                     ; 489 MB              ; 00:00:01                           ;
; EDA Netlist Writer        ; 00:00:03     ; 1.0                     ; 489 MB              ; 00:00:01                           ;
; EDA Netlist Writer        ; 00:00:03     ; 1.0                     ; 489 MB              ; 00:00:01                           ;
; Total                     ; 00:00:58     ; --                      ; --                  ; 00:00:21                           ;
+---------------------------+--------------+-------------------------+---------------------+------------------------------------+


+----------------------------------------------------------------------------------------+
; Flow OS Summary                                                                        ;
+---------------------------+------------------+-----------+------------+----------------+
; Module Name               ; Machine Hostname ; OS Name   ; OS Version ; Processor type ;
+---------------------------+------------------+-----------+------------+----------------+
; Analysis & Synthesis      ; DESKTOP-T9CQB7O  ; Windows 7 ; 6.2        ; x86_64         ;
; Fitter                    ; DESKTOP-T9CQB7O  ; Windows 7 ; 6.2        ; x86_64         ;
; Assembler                 ; DESKTOP-T9CQB7O  ; Windows 7 ; 6.2        ; x86_64         ;
; TimeQuest Timing Analyzer ; DESKTOP-T9CQB7O  ; Windows 7 ; 6.2        ; x86_64         ;
; EDA Netlist Writer        ; DESKTOP-T9CQB7O  ; Windows 7 ; 6.2        ; x86_64         ;
; EDA Netlist Writer        ; DESKTOP-T9CQB7O  ; Windows 7 ; 6.2        ; x86_64         ;
; EDA Netlist Writer        ; DESKTOP-T9CQB7O  ; Windows 7 ; 6.2        ; x86_64         ;
; EDA Netlist Writer        ; DESKTOP-T9CQB7O  ; Windows 7 ; 6.2        ; x86_64         ;
; EDA Netlist Writer        ; DESKTOP-T9CQB7O  ; Windows 7 ; 6.2        ; x86_64         ;
; EDA Netlist Writer        ; DESKTOP-T9CQB7O  ; Windows 7 ; 6.2        ; x86_64         ;
; EDA Netlist Writer        ; DESKTOP-T9CQB7O  ; Windows 7 ; 6.2        ; x86_64         ;
+---------------------------+------------------+-----------+------------+----------------+


------------
; Flow Log ;
------------
quartus_map --read_settings_files=on --write_settings_files=off FilpFlopD -c FilpFlopD
quartus_fit --read_settings_files=off --write_settings_files=off FilpFlopD -c FilpFlopD
quartus_asm --read_settings_files=off --write_settings_files=off FilpFlopD -c FilpFlopD
quartus_sta FilpFlopD -c FilpFlopD
quartus_eda --read_settings_files=off --write_settings_files=off FilpFlopD -c FilpFlopD
quartus_eda --gen_testbench --check_outputs=on --tool=modelsim_oem --format=verilog FilpFlopD -c FilpFlopD --vector_source=J:/FFD/FFD.vwf --testbench_file=./simulation/qsim/FilpFlopD.vt
quartus_eda --functional=on --simulation=on --tool=modelsim_oem --format=verilog FilpFlopD -c FilpFlopD
quartus_eda --gen_testbench --check_outputs=on --tool=modelsim_oem --format=verilog FilpFlopD -c FilpFlopD --vector_source=J:/FFD/FFD.vwf --testbench_file=./simulation/qsim/FilpFlopD.vt
quartus_eda --functional=on --simulation=on --tool=modelsim_oem --format=verilog FilpFlopD -c FilpFlopD
quartus_eda --gen_testbench --check_outputs=on --tool=modelsim_oem --format=verilog FilpFlopD -c FilpFlopD --vector_source=J:/FFD/FFD.vwf --testbench_file=./simulation/qsim/FilpFlopD.vt
quartus_eda --functional=on --simulation=on --tool=modelsim_oem --format=verilog FilpFlopD -c FilpFlopD



